2020-01-17 14:46:36.757  INFO 7228 --- [main] com.simple.blog.BlogApplication          : No active profile set, falling back to default profiles: default
2020-01-17 14:46:37.626 ERROR 7228 --- [main] o.s.boot.SpringApplication               : Application run failed

java.lang.IllegalStateException: Error processing condition on org.springframework.boot.autoconfigure.jmx.JmxAutoConfiguration.mbeanExporter
	at org.springframework.boot.autoconfigure.condition.SpringBootCondition.matches(SpringBootCondition.java:59) ~[spring-boot-autoconfigure-2.1.6.RELEASE.jar:2.1.6.RELEASE]
	at org.springframework.context.annotation.ConditionEvaluator.shouldSkip(ConditionEvaluator.java:108) ~[spring-context-5.1.8.RELEASE.jar:5.1.8.RELEASE]
	at org.springframework.context.annotation.ConfigurationClassBeanDefinitionReader.loadBeanDefinitionsForBeanMethod(ConfigurationClassBeanDefinitionReader.java:181) ~[spring-context-5.1.8.RELEASE.jar:5.1.8.RELEASE]
	at org.springframework.context.annotation.ConfigurationClassBeanDefinitionReader.loadBeanDefinitionsForConfigurationClass(ConfigurationClassBeanDefinitionReader.java:141) ~[spring-context-5.1.8.RELEASE.jar:5.1.8.RELEASE]
	at org.springframework.context.annotation.ConfigurationClassBeanDefinitionReader.loadBeanDefinitions(ConfigurationClassBeanDefinitionReader.java:117) ~[spring-context-5.1.8.RELEASE.jar:5.1.8.RELEASE]
	at org.springframework.context.annotation.ConfigurationClassPostProcessor.processConfigBeanDefinitions(ConfigurationClassPostProcessor.java:327) ~[spring-context-5.1.8.RELEASE.jar:5.1.8.RELEASE]
	at org.springframework.context.annotation.ConfigurationClassPostProcessor.postProcessBeanDefinitionRegistry(ConfigurationClassPostProcessor.java:232) ~[spring-context-5.1.8.RELEASE.jar:5.1.8.RELEASE]
	at org.springframework.context.support.PostProcessorRegistrationDelegate.invokeBeanDefinitionRegistryPostProcessors(PostProcessorRegistrationDelegate.java:275) ~[spring-context-5.1.8.RELEASE.jar:5.1.8.RELEASE]
	at org.springframework.context.support.PostProcessorRegistrationDelegate.invokeBeanFactoryPostProcessors(PostProcessorRegistrationDelegate.java:95) ~[spring-context-5.1.8.RELEASE.jar:5.1.8.RELEASE]
	at org.springframework.context.support.AbstractApplicationContext.invokeBeanFactoryPostProcessors(AbstractApplicationContext.java:705) ~[spring-context-5.1.8.RELEASE.jar:5.1.8.RELEASE]
	at org.springframework.context.support.AbstractApplicationContext.refresh(AbstractApplicationContext.java:531) ~[spring-context-5.1.8.RELEASE.jar:5.1.8.RELEASE]
	at org.springframework.boot.web.servlet.context.ServletWebServerApplicationContext.refresh(ServletWebServerApplicationContext.java:140) ~[spring-boot-2.1.6.RELEASE.jar:2.1.6.RELEASE]
	at org.springframework.boot.SpringApplication.refresh(SpringApplication.java:742) [spring-boot-2.1.6.RELEASE.jar:2.1.6.RELEASE]
	at org.springframework.boot.SpringApplication.refreshContext(SpringApplication.java:389) [spring-boot-2.1.6.RELEASE.jar:2.1.6.RELEASE]
	at org.springframework.boot.SpringApplication.run(SpringApplication.java:311) [spring-boot-2.1.6.RELEASE.jar:2.1.6.RELEASE]
	at org.springframework.boot.SpringApplication.run(SpringApplication.java:1213) [spring-boot-2.1.6.RELEASE.jar:2.1.6.RELEASE]
	at org.springframework.boot.SpringApplication.run(SpringApplication.java:1202) [spring-boot-2.1.6.RELEASE.jar:2.1.6.RELEASE]
	at com.simple.blog.BlogApplication.main(BlogApplication.java:19) [classes/:na]
Caused by: java.lang.IllegalStateException: Failed to introspect Class [org.springframework.boot.autoconfigure.web.servlet.WebMvcAutoConfiguration] from ClassLoader [sun.misc.Launcher$AppClassLoader@18b4aac2]
	at org.springframework.util.ReflectionUtils.getDeclaredMethods(ReflectionUtils.java:507) ~[spring-core-5.1.8.RELEASE.jar:5.1.8.RELEASE]
	at org.springframework.util.ReflectionUtils.doWithMethods(ReflectionUtils.java:404) ~[spring-core-5.1.8.RELEASE.jar:5.1.8.RELEASE]
	at org.springframework.util.ReflectionUtils.doWithMethods(ReflectionUtils.java:389) ~[spring-core-5.1.8.RELEASE.jar:5.1.8.RELEASE]
	at org.springframework.util.ReflectionUtils.getUniqueDeclaredMethods(ReflectionUtils.java:447) ~[spring-core-5.1.8.RELEASE.jar:5.1.8.RELEASE]
	at java.util.concurrent.ConcurrentHashMap.computeIfAbsent(ConcurrentHashMap.java:1688) ~[na:1.8.0_172]
	at org.springframework.beans.factory.support.AbstractAutowireCapableBeanFactory.getTypeForFactoryMethod(AbstractAutowireCapableBeanFactory.java:738) ~[spring-beans-5.1.8.RELEASE.jar:5.1.8.RELEASE]
	at org.springframework.beans.factory.support.AbstractAutowireCapableBeanFactory.determineTargetType(AbstractAutowireCapableBeanFactory.java:679) ~[spring-beans-5.1.8.RELEASE.jar:5.1.8.RELEASE]
	at org.springframework.beans.factory.support.AbstractAutowireCapableBeanFactory.predictBeanType(AbstractAutowireCapableBeanFactory.java:647) ~[spring-beans-5.1.8.RELEASE.jar:5.1.8.RELEASE]
	at org.springframework.beans.factory.support.AbstractBeanFactory.isFactoryBean(AbstractBeanFactory.java:1518) ~[spring-beans-5.1.8.RELEASE.jar:5.1.8.RELEASE]
	at org.springframework.beans.factory.support.AbstractBeanFactory.isFactoryBean(AbstractBeanFactory.java:1023) ~[spring-beans-5.1.8.RELEASE.jar:5.1.8.RELEASE]
	at org.springframework.boot.autoconfigure.condition.BeanTypeRegistry.addBeanTypeForNonAliasDefinition(BeanTypeRegistry.java:190) ~[spring-boot-autoconfigure-2.1.6.RELEASE.jar:2.1.6.RELEASE]
	at org.springframework.boot.autoconfigure.condition.BeanTypeRegistry.addBeanTypeForNonAliasDefinition(BeanTypeRegistry.java:157) ~[spring-boot-autoconfigure-2.1.6.RELEASE.jar:2.1.6.RELEASE]
	at org.springframework.boot.autoconfigure.condition.BeanTypeRegistry.addBeanType(BeanTypeRegistry.java:150) ~[spring-boot-autoconfigure-2.1.6.RELEASE.jar:2.1.6.RELEASE]
	at org.springframework.boot.autoconfigure.condition.BeanTypeRegistry.updateTypesIfNecessary(BeanTypeRegistry.java:138) ~[spring-boot-autoconfigure-2.1.6.RELEASE.jar:2.1.6.RELEASE]
	at java.util.Iterator.forEachRemaining(Iterator.java:116) ~[na:1.8.0_172]
	at org.springframework.boot.autoconfigure.condition.BeanTypeRegistry.updateTypesIfNecessary(BeanTypeRegistry.java:133) ~[spring-boot-autoconfigure-2.1.6.RELEASE.jar:2.1.6.RELEASE]
	at org.springframework.boot.autoconfigure.condition.BeanTypeRegistry.getNamesForType(BeanTypeRegistry.java:97) ~[spring-boot-autoconfigure-2.1.6.RELEASE.jar:2.1.6.RELEASE]
	at org.springframework.boot.autoconfigure.condition.OnBeanCondition.collectBeanNamesForType(OnBeanCondition.java:268) ~[spring-boot-autoconfigure-2.1.6.RELEASE.jar:2.1.6.RELEASE]
	at org.springframework.boot.autoconfigure.condition.OnBeanCondition.getBeanNamesForType(OnBeanCondition.java:261) ~[spring-boot-autoconfigure-2.1.6.RELEASE.jar:2.1.6.RELEASE]
	at org.springframework.boot.autoconfigure.condition.OnBeanCondition.getBeanNamesForType(OnBeanCondition.java:250) ~[spring-boot-autoconfigure-2.1.6.RELEASE.jar:2.1.6.RELEASE]
	at org.springframework.boot.autoconfigure.condition.OnBeanCondition.getMatchingBeans(OnBeanCondition.java:170) ~[spring-boot-autoconfigure-2.1.6.RELEASE.jar:2.1.6.RELEASE]
	at org.springframework.boot.autoconfigure.condition.OnBeanCondition.getMatchOutcome(OnBeanCondition.java:145) ~[spring-boot-autoconfigure-2.1.6.RELEASE.jar:2.1.6.RELEASE]
	at org.springframework.boot.autoconfigure.condition.SpringBootCondition.matches(SpringBootCondition.java:46) ~[spring-boot-autoconfigure-2.1.6.RELEASE.jar:2.1.6.RELEASE]
	... 17 common frames omitted
Caused by: java.lang.NoClassDefFoundError: org/springframework/web/filter/FormContentFilter
	at java.lang.ClassLoader.defineClass1(Native Method) ~[na:1.8.0_172]
	at java.lang.ClassLoader.defineClass(ClassLoader.java:763) ~[na:1.8.0_172]
	at java.security.SecureClassLoader.defineClass(SecureClassLoader.java:142) ~[na:1.8.0_172]
	at java.net.URLClassLoader.defineClass(URLClassLoader.java:467) ~[na:1.8.0_172]
	at java.net.URLClassLoader.access$100(URLClassLoader.java:73) ~[na:1.8.0_172]
	at java.net.URLClassLoader$1.run(URLClassLoader.java:368) ~[na:1.8.0_172]
	at java.net.URLClassLoader$1.run(URLClassLoader.java:362) ~[na:1.8.0_172]
	at java.security.AccessController.doPrivileged(Native Method) ~[na:1.8.0_172]
	at java.net.URLClassLoader.findClass(URLClassLoader.java:361) ~[na:1.8.0_172]
	at java.lang.ClassLoader.loadClass(ClassLoader.java:424) ~[na:1.8.0_172]
	at sun.misc.Launcher$AppClassLoader.loadClass(Launcher.java:349) ~[na:1.8.0_172]
	at java.lang.ClassLoader.loadClass(ClassLoader.java:357) ~[na:1.8.0_172]
	at java.lang.Class.getDeclaredMethods0(Native Method) ~[na:1.8.0_172]
	at java.lang.Class.privateGetDeclaredMethods(Class.java:2701) ~[na:1.8.0_172]
	at java.lang.Class.getDeclaredMethods(Class.java:1975) ~[na:1.8.0_172]
	at org.springframework.util.ReflectionUtils.getDeclaredMethods(ReflectionUtils.java:489) ~[spring-core-5.1.8.RELEASE.jar:5.1.8.RELEASE]
	... 39 common frames omitted
Caused by: java.lang.ClassNotFoundException: org.springframework.web.filter.FormContentFilter
	at java.net.URLClassLoader.findClass(URLClassLoader.java:381) ~[na:1.8.0_172]
	at java.lang.ClassLoader.loadClass(ClassLoader.java:424) ~[na:1.8.0_172]
	at sun.misc.Launcher$AppClassLoader.loadClass(Launcher.java:349) ~[na:1.8.0_172]
	at java.lang.ClassLoader.loadClass(ClassLoader.java:357) ~[na:1.8.0_172]
	... 55 common frames omitted

2020-01-17 14:46:37.630  WARN 7228 --- [main] o.s.boot.SpringApplication               : Unable to close ApplicationContext

java.lang.IllegalStateException: Failed to introspect Class [org.springframework.boot.autoconfigure.web.servlet.WebMvcAutoConfiguration] from ClassLoader [sun.misc.Launcher$AppClassLoader@18b4aac2]
	at org.springframework.util.ReflectionUtils.getDeclaredMethods(ReflectionUtils.java:507) ~[spring-core-5.1.8.RELEASE.jar:5.1.8.RELEASE]
	at org.springframework.util.ReflectionUtils.doWithMethods(ReflectionUtils.java:404) ~[spring-core-5.1.8.RELEASE.jar:5.1.8.RELEASE]
	at org.springframework.util.ReflectionUtils.doWithMethods(ReflectionUtils.java:389) ~[spring-core-5.1.8.RELEASE.jar:5.1.8.RELEASE]
	at org.springframework.util.ReflectionUtils.getUniqueDeclaredMethods(ReflectionUtils.java:447) ~[spring-core-5.1.8.RELEASE.jar:5.1.8.RELEASE]
	at java.util.concurrent.ConcurrentHashMap.computeIfAbsent(ConcurrentHashMap.java:1688) ~[na:1.8.0_172]
	at org.springframework.beans.factory.support.AbstractAutowireCapableBeanFactory.getTypeForFactoryMethod(AbstractAutowireCapableBeanFactory.java:738) ~[spring-beans-5.1.8.RELEASE.jar:5.1.8.RELEASE]
	at org.springframework.beans.factory.support.AbstractAutowireCapableBeanFactory.determineTargetType(AbstractAutowireCapableBeanFactory.java:679) ~[spring-beans-5.1.8.RELEASE.jar:5.1.8.RELEASE]
	at org.springframework.beans.factory.support.AbstractAutowireCapableBeanFactory.predictBeanType(AbstractAutowireCapableBeanFactory.java:647) ~[spring-beans-5.1.8.RELEASE.jar:5.1.8.RELEASE]
	at org.springframework.beans.factory.support.AbstractBeanFactory.isFactoryBean(AbstractBeanFactory.java:1518) ~[spring-beans-5.1.8.RELEASE.jar:5.1.8.RELEASE]
	at org.springframework.beans.factory.support.DefaultListableBeanFactory.doGetBeanNamesForType(DefaultListableBeanFactory.java:511) ~[spring-beans-5.1.8.RELEASE.jar:5.1.8.RELEASE]
	at org.springframework.beans.factory.support.DefaultListableBeanFactory.getBeanNamesForType(DefaultListableBeanFactory.java:481) ~[spring-beans-5.1.8.RELEASE.jar:5.1.8.RELEASE]
	at org.springframework.beans.factory.support.DefaultListableBeanFactory.getBeansOfType(DefaultListableBeanFactory.java:602) ~[spring-beans-5.1.8.RELEASE.jar:5.1.8.RELEASE]
	at org.springframework.beans.factory.support.DefaultListableBeanFactory.getBeansOfType(DefaultListableBeanFactory.java:594) ~[spring-beans-5.1.8.RELEASE.jar:5.1.8.RELEASE]
	at org.springframework.context.support.AbstractApplicationContext.getBeansOfType(AbstractApplicationContext.java:1226) ~[spring-context-5.1.8.RELEASE.jar:5.1.8.RELEASE]
	at org.springframework.boot.SpringApplication.getExitCodeFromMappedException(SpringApplication.java:864) [spring-boot-2.1.6.RELEASE.jar:2.1.6.RELEASE]
	at org.springframework.boot.SpringApplication.getExitCodeFromException(SpringApplication.java:852) [spring-boot-2.1.6.RELEASE.jar:2.1.6.RELEASE]
	at org.springframework.boot.SpringApplication.handleExitCode(SpringApplication.java:839) [spring-boot-2.1.6.RELEASE.jar:2.1.6.RELEASE]
	at org.springframework.boot.SpringApplication.handleRunFailure(SpringApplication.java:790) [spring-boot-2.1.6.RELEASE.jar:2.1.6.RELEASE]
	at org.springframework.boot.SpringApplication.run(SpringApplication.java:321) [spring-boot-2.1.6.RELEASE.jar:2.1.6.RELEASE]
	at org.springframework.boot.SpringApplication.run(SpringApplication.java:1213) [spring-boot-2.1.6.RELEASE.jar:2.1.6.RELEASE]
	at org.springframework.boot.SpringApplication.run(SpringApplication.java:1202) [spring-boot-2.1.6.RELEASE.jar:2.1.6.RELEASE]
	at com.simple.blog.BlogApplication.main(BlogApplication.java:19) [classes/:na]
Caused by: java.lang.NoClassDefFoundError: org/springframework/web/filter/FormContentFilter
	at java.lang.ClassLoader.defineClass1(Native Method) ~[na:1.8.0_172]
	at java.lang.ClassLoader.defineClass(ClassLoader.java:763) ~[na:1.8.0_172]
	at java.security.SecureClassLoader.defineClass(SecureClassLoader.java:142) ~[na:1.8.0_172]
	at java.net.URLClassLoader.defineClass(URLClassLoader.java:467) ~[na:1.8.0_172]
	at java.net.URLClassLoader.access$100(URLClassLoader.java:73) ~[na:1.8.0_172]
	at java.net.URLClassLoader$1.run(URLClassLoader.java:368) ~[na:1.8.0_172]
	at java.net.URLClassLoader$1.run(URLClassLoader.java:362) ~[na:1.8.0_172]
	at java.security.AccessController.doPrivileged(Native Method) ~[na:1.8.0_172]
	at java.net.URLClassLoader.findClass(URLClassLoader.java:361) ~[na:1.8.0_172]
	at java.lang.ClassLoader.loadClass(ClassLoader.java:424) ~[na:1.8.0_172]
	at sun.misc.Launcher$AppClassLoader.loadClass(Launcher.java:349) ~[na:1.8.0_172]
	at java.lang.ClassLoader.loadClass(ClassLoader.java:357) ~[na:1.8.0_172]
	at java.lang.Class.getDeclaredMethods0(Native Method) ~[na:1.8.0_172]
	at java.lang.Class.privateGetDeclaredMethods(Class.java:2701) ~[na:1.8.0_172]
	at java.lang.Class.getDeclaredMethods(Class.java:1975) ~[na:1.8.0_172]
	at org.springframework.util.ReflectionUtils.getDeclaredMethods(ReflectionUtils.java:489) ~[spring-core-5.1.8.RELEASE.jar:5.1.8.RELEASE]
	... 21 common frames omitted
Caused by: java.lang.ClassNotFoundException: org.springframework.web.filter.FormContentFilter
	at java.net.URLClassLoader.findClass(URLClassLoader.java:381) ~[na:1.8.0_172]
	at java.lang.ClassLoader.loadClass(ClassLoader.java:424) ~[na:1.8.0_172]
	at sun.misc.Launcher$AppClassLoader.loadClass(Launcher.java:349) ~[na:1.8.0_172]
	at java.lang.ClassLoader.loadClass(ClassLoader.java:357) ~[na:1.8.0_172]
	... 37 common frames omitted

2020-01-17 14:47:37.736  INFO 5944 --- [main] com.simple.blog.BlogApplication          : No active profile set, falling back to default profiles: default
2020-01-17 14:47:38.438 ERROR 5944 --- [main] o.s.boot.SpringApplication               : Application run failed

java.lang.IllegalStateException: Error processing condition on org.springframework.boot.autoconfigure.jmx.JmxAutoConfiguration.mbeanExporter
	at org.springframework.boot.autoconfigure.condition.SpringBootCondition.matches(SpringBootCondition.java:59) ~[spring-boot-autoconfigure-2.1.6.RELEASE.jar:2.1.6.RELEASE]
	at org.springframework.context.annotation.ConditionEvaluator.shouldSkip(ConditionEvaluator.java:108) ~[spring-context-5.1.8.RELEASE.jar:5.1.8.RELEASE]
	at org.springframework.context.annotation.ConfigurationClassBeanDefinitionReader.loadBeanDefinitionsForBeanMethod(ConfigurationClassBeanDefinitionReader.java:181) ~[spring-context-5.1.8.RELEASE.jar:5.1.8.RELEASE]
	at org.springframework.context.annotation.ConfigurationClassBeanDefinitionReader.loadBeanDefinitionsForConfigurationClass(ConfigurationClassBeanDefinitionReader.java:141) ~[spring-context-5.1.8.RELEASE.jar:5.1.8.RELEASE]
	at org.springframework.context.annotation.ConfigurationClassBeanDefinitionReader.loadBeanDefinitions(ConfigurationClassBeanDefinitionReader.java:117) ~[spring-context-5.1.8.RELEASE.jar:5.1.8.RELEASE]
	at org.springframework.context.annotation.ConfigurationClassPostProcessor.processConfigBeanDefinitions(ConfigurationClassPostProcessor.java:327) ~[spring-context-5.1.8.RELEASE.jar:5.1.8.RELEASE]
	at org.springframework.context.annotation.ConfigurationClassPostProcessor.postProcessBeanDefinitionRegistry(ConfigurationClassPostProcessor.java:232) ~[spring-context-5.1.8.RELEASE.jar:5.1.8.RELEASE]
	at org.springframework.context.support.PostProcessorRegistrationDelegate.invokeBeanDefinitionRegistryPostProcessors(PostProcessorRegistrationDelegate.java:275) ~[spring-context-5.1.8.RELEASE.jar:5.1.8.RELEASE]
	at org.springframework.context.support.PostProcessorRegistrationDelegate.invokeBeanFactoryPostProcessors(PostProcessorRegistrationDelegate.java:95) ~[spring-context-5.1.8.RELEASE.jar:5.1.8.RELEASE]
	at org.springframework.context.support.AbstractApplicationContext.invokeBeanFactoryPostProcessors(AbstractApplicationContext.java:705) ~[spring-context-5.1.8.RELEASE.jar:5.1.8.RELEASE]
	at org.springframework.context.support.AbstractApplicationContext.refresh(AbstractApplicationContext.java:531) ~[spring-context-5.1.8.RELEASE.jar:5.1.8.RELEASE]
	at org.springframework.boot.web.servlet.context.ServletWebServerApplicationContext.refresh(ServletWebServerApplicationContext.java:140) ~[spring-boot-2.1.6.RELEASE.jar:2.1.6.RELEASE]
	at org.springframework.boot.SpringApplication.refresh(SpringApplication.java:742) [spring-boot-2.1.6.RELEASE.jar:2.1.6.RELEASE]
	at org.springframework.boot.SpringApplication.refreshContext(SpringApplication.java:389) [spring-boot-2.1.6.RELEASE.jar:2.1.6.RELEASE]
	at org.springframework.boot.SpringApplication.run(SpringApplication.java:311) [spring-boot-2.1.6.RELEASE.jar:2.1.6.RELEASE]
	at org.springframework.boot.SpringApplication.run(SpringApplication.java:1213) [spring-boot-2.1.6.RELEASE.jar:2.1.6.RELEASE]
	at org.springframework.boot.SpringApplication.run(SpringApplication.java:1202) [spring-boot-2.1.6.RELEASE.jar:2.1.6.RELEASE]
	at com.simple.blog.BlogApplication.main(BlogApplication.java:19) [classes/:na]
Caused by: java.lang.IllegalStateException: Failed to introspect Class [org.springframework.boot.autoconfigure.web.servlet.WebMvcAutoConfiguration] from ClassLoader [sun.misc.Launcher$AppClassLoader@18b4aac2]
	at org.springframework.util.ReflectionUtils.getDeclaredMethods(ReflectionUtils.java:507) ~[spring-core-5.1.8.RELEASE.jar:5.1.8.RELEASE]
	at org.springframework.util.ReflectionUtils.doWithMethods(ReflectionUtils.java:404) ~[spring-core-5.1.8.RELEASE.jar:5.1.8.RELEASE]
	at org.springframework.util.ReflectionUtils.doWithMethods(ReflectionUtils.java:389) ~[spring-core-5.1.8.RELEASE.jar:5.1.8.RELEASE]
	at org.springframework.util.ReflectionUtils.getUniqueDeclaredMethods(ReflectionUtils.java:447) ~[spring-core-5.1.8.RELEASE.jar:5.1.8.RELEASE]
	at java.util.concurrent.ConcurrentHashMap.computeIfAbsent(ConcurrentHashMap.java:1660) ~[na:1.8.0_172]
	at org.springframework.beans.factory.support.AbstractAutowireCapableBeanFactory.getTypeForFactoryMethod(AbstractAutowireCapableBeanFactory.java:738) ~[spring-beans-5.1.8.RELEASE.jar:5.1.8.RELEASE]
	at org.springframework.beans.factory.support.AbstractAutowireCapableBeanFactory.determineTargetType(AbstractAutowireCapableBeanFactory.java:679) ~[spring-beans-5.1.8.RELEASE.jar:5.1.8.RELEASE]
	at org.springframework.beans.factory.support.AbstractAutowireCapableBeanFactory.predictBeanType(AbstractAutowireCapableBeanFactory.java:647) ~[spring-beans-5.1.8.RELEASE.jar:5.1.8.RELEASE]
	at org.springframework.beans.factory.support.AbstractBeanFactory.isFactoryBean(AbstractBeanFactory.java:1518) ~[spring-beans-5.1.8.RELEASE.jar:5.1.8.RELEASE]
	at org.springframework.beans.factory.support.AbstractBeanFactory.isFactoryBean(AbstractBeanFactory.java:1023) ~[spring-beans-5.1.8.RELEASE.jar:5.1.8.RELEASE]
	at org.springframework.boot.autoconfigure.condition.BeanTypeRegistry.addBeanTypeForNonAliasDefinition(BeanTypeRegistry.java:190) ~[spring-boot-autoconfigure-2.1.6.RELEASE.jar:2.1.6.RELEASE]
	at org.springframework.boot.autoconfigure.condition.BeanTypeRegistry.addBeanTypeForNonAliasDefinition(BeanTypeRegistry.java:157) ~[spring-boot-autoconfigure-2.1.6.RELEASE.jar:2.1.6.RELEASE]
	at org.springframework.boot.autoconfigure.condition.BeanTypeRegistry.addBeanType(BeanTypeRegistry.java:150) ~[spring-boot-autoconfigure-2.1.6.RELEASE.jar:2.1.6.RELEASE]
	at org.springframework.boot.autoconfigure.condition.BeanTypeRegistry.updateTypesIfNecessary(BeanTypeRegistry.java:138) ~[spring-boot-autoconfigure-2.1.6.RELEASE.jar:2.1.6.RELEASE]
	at java.util.Iterator.forEachRemaining(Iterator.java:116) ~[na:1.8.0_172]
	at org.springframework.boot.autoconfigure.condition.BeanTypeRegistry.updateTypesIfNecessary(BeanTypeRegistry.java:133) ~[spring-boot-autoconfigure-2.1.6.RELEASE.jar:2.1.6.RELEASE]
	at org.springframework.boot.autoconfigure.condition.BeanTypeRegistry.getNamesForType(BeanTypeRegistry.java:97) ~[spring-boot-autoconfigure-2.1.6.RELEASE.jar:2.1.6.RELEASE]
	at org.springframework.boot.autoconfigure.condition.OnBeanCondition.collectBeanNamesForType(OnBeanCondition.java:268) ~[spring-boot-autoconfigure-2.1.6.RELEASE.jar:2.1.6.RELEASE]
	at org.springframework.boot.autoconfigure.condition.OnBeanCondition.getBeanNamesForType(OnBeanCondition.java:261) ~[spring-boot-autoconfigure-2.1.6.RELEASE.jar:2.1.6.RELEASE]
	at org.springframework.boot.autoconfigure.condition.OnBeanCondition.getBeanNamesForType(OnBeanCondition.java:250) ~[spring-boot-autoconfigure-2.1.6.RELEASE.jar:2.1.6.RELEASE]
	at org.springframework.boot.autoconfigure.condition.OnBeanCondition.getMatchingBeans(OnBeanCondition.java:170) ~[spring-boot-autoconfigure-2.1.6.RELEASE.jar:2.1.6.RELEASE]
	at org.springframework.boot.autoconfigure.condition.OnBeanCondition.getMatchOutcome(OnBeanCondition.java:145) ~[spring-boot-autoconfigure-2.1.6.RELEASE.jar:2.1.6.RELEASE]
	at org.springframework.boot.autoconfigure.condition.SpringBootCondition.matches(SpringBootCondition.java:46) ~[spring-boot-autoconfigure-2.1.6.RELEASE.jar:2.1.6.RELEASE]
	... 17 common frames omitted
Caused by: java.lang.NoClassDefFoundError: org/springframework/web/filter/FormContentFilter
	at java.lang.ClassLoader.defineClass1(Native Method) ~[na:1.8.0_172]
	at java.lang.ClassLoader.defineClass(ClassLoader.java:763) ~[na:1.8.0_172]
	at java.security.SecureClassLoader.defineClass(SecureClassLoader.java:142) ~[na:1.8.0_172]
	at java.net.URLClassLoader.defineClass(URLClassLoader.java:467) ~[na:1.8.0_172]
	at java.net.URLClassLoader.access$100(URLClassLoader.java:73) ~[na:1.8.0_172]
	at java.net.URLClassLoader$1.run(URLClassLoader.java:368) ~[na:1.8.0_172]
	at java.net.URLClassLoader$1.run(URLClassLoader.java:362) ~[na:1.8.0_172]
	at java.security.AccessController.doPrivileged(Native Method) ~[na:1.8.0_172]
	at java.net.URLClassLoader.findClass(URLClassLoader.java:361) ~[na:1.8.0_172]
	at java.lang.ClassLoader.loadClass(ClassLoader.java:424) ~[na:1.8.0_172]
	at sun.misc.Launcher$AppClassLoader.loadClass(Launcher.java:349) ~[na:1.8.0_172]
	at java.lang.ClassLoader.loadClass(ClassLoader.java:357) ~[na:1.8.0_172]
	at java.lang.Class.getDeclaredMethods0(Native Method) ~[na:1.8.0_172]
	at java.lang.Class.privateGetDeclaredMethods(Class.java:2701) ~[na:1.8.0_172]
	at java.lang.Class.getDeclaredMethods(Class.java:1975) ~[na:1.8.0_172]
	at org.springframework.util.ReflectionUtils.getDeclaredMethods(ReflectionUtils.java:489) ~[spring-core-5.1.8.RELEASE.jar:5.1.8.RELEASE]
	... 39 common frames omitted
Caused by: java.lang.ClassNotFoundException: org.springframework.web.filter.FormContentFilter
	at java.net.URLClassLoader.findClass(URLClassLoader.java:381) ~[na:1.8.0_172]
	at java.lang.ClassLoader.loadClass(ClassLoader.java:424) ~[na:1.8.0_172]
	at sun.misc.Launcher$AppClassLoader.loadClass(Launcher.java:349) ~[na:1.8.0_172]
	at java.lang.ClassLoader.loadClass(ClassLoader.java:357) ~[na:1.8.0_172]
	... 55 common frames omitted

2020-01-17 14:47:38.442  WARN 5944 --- [main] o.s.boot.SpringApplication               : Unable to close ApplicationContext

java.lang.IllegalStateException: Failed to introspect Class [org.springframework.boot.autoconfigure.web.servlet.WebMvcAutoConfiguration] from ClassLoader [sun.misc.Launcher$AppClassLoader@18b4aac2]
	at org.springframework.util.ReflectionUtils.getDeclaredMethods(ReflectionUtils.java:507) ~[spring-core-5.1.8.RELEASE.jar:5.1.8.RELEASE]
	at org.springframework.util.ReflectionUtils.doWithMethods(ReflectionUtils.java:404) ~[spring-core-5.1.8.RELEASE.jar:5.1.8.RELEASE]
	at org.springframework.util.ReflectionUtils.doWithMethods(ReflectionUtils.java:389) ~[spring-core-5.1.8.RELEASE.jar:5.1.8.RELEASE]
	at org.springframework.util.ReflectionUtils.getUniqueDeclaredMethods(ReflectionUtils.java:447) ~[spring-core-5.1.8.RELEASE.jar:5.1.8.RELEASE]
	at java.util.concurrent.ConcurrentHashMap.computeIfAbsent(ConcurrentHashMap.java:1660) ~[na:1.8.0_172]
	at org.springframework.beans.factory.support.AbstractAutowireCapableBeanFactory.getTypeForFactoryMethod(AbstractAutowireCapableBeanFactory.java:738) ~[spring-beans-5.1.8.RELEASE.jar:5.1.8.RELEASE]
	at org.springframework.beans.factory.support.AbstractAutowireCapableBeanFactory.determineTargetType(AbstractAutowireCapableBeanFactory.java:679) ~[spring-beans-5.1.8.RELEASE.jar:5.1.8.RELEASE]
	at org.springframework.beans.factory.support.AbstractAutowireCapableBeanFactory.predictBeanType(AbstractAutowireCapableBeanFactory.java:647) ~[spring-beans-5.1.8.RELEASE.jar:5.1.8.RELEASE]
	at org.springframework.beans.factory.support.AbstractBeanFactory.isFactoryBean(AbstractBeanFactory.java:1518) ~[spring-beans-5.1.8.RELEASE.jar:5.1.8.RELEASE]
	at org.springframework.beans.factory.support.DefaultListableBeanFactory.doGetBeanNamesForType(DefaultListableBeanFactory.java:511) ~[spring-beans-5.1.8.RELEASE.jar:5.1.8.RELEASE]
	at org.springframework.beans.factory.support.DefaultListableBeanFactory.getBeanNamesForType(DefaultListableBeanFactory.java:481) ~[spring-beans-5.1.8.RELEASE.jar:5.1.8.RELEASE]
	at org.springframework.beans.factory.support.DefaultListableBeanFactory.getBeansOfType(DefaultListableBeanFactory.java:602) ~[spring-beans-5.1.8.RELEASE.jar:5.1.8.RELEASE]
	at org.springframework.beans.factory.support.DefaultListableBeanFactory.getBeansOfType(DefaultListableBeanFactory.java:594) ~[spring-beans-5.1.8.RELEASE.jar:5.1.8.RELEASE]
	at org.springframework.context.support.AbstractApplicationContext.getBeansOfType(AbstractApplicationContext.java:1226) ~[spring-context-5.1.8.RELEASE.jar:5.1.8.RELEASE]
	at org.springframework.boot.SpringApplication.getExitCodeFromMappedException(SpringApplication.java:864) [spring-boot-2.1.6.RELEASE.jar:2.1.6.RELEASE]
	at org.springframework.boot.SpringApplication.getExitCodeFromException(SpringApplication.java:852) [spring-boot-2.1.6.RELEASE.jar:2.1.6.RELEASE]
	at org.springframework.boot.SpringApplication.handleExitCode(SpringApplication.java:839) [spring-boot-2.1.6.RELEASE.jar:2.1.6.RELEASE]
	at org.springframework.boot.SpringApplication.handleRunFailure(SpringApplication.java:790) [spring-boot-2.1.6.RELEASE.jar:2.1.6.RELEASE]
	at org.springframework.boot.SpringApplication.run(SpringApplication.java:321) [spring-boot-2.1.6.RELEASE.jar:2.1.6.RELEASE]
	at org.springframework.boot.SpringApplication.run(SpringApplication.java:1213) [spring-boot-2.1.6.RELEASE.jar:2.1.6.RELEASE]
	at org.springframework.boot.SpringApplication.run(SpringApplication.java:1202) [spring-boot-2.1.6.RELEASE.jar:2.1.6.RELEASE]
	at com.simple.blog.BlogApplication.main(BlogApplication.java:19) [classes/:na]
Caused by: java.lang.NoClassDefFoundError: org/springframework/web/filter/FormContentFilter
	at java.lang.ClassLoader.defineClass1(Native Method) ~[na:1.8.0_172]
	at java.lang.ClassLoader.defineClass(ClassLoader.java:763) ~[na:1.8.0_172]
	at java.security.SecureClassLoader.defineClass(SecureClassLoader.java:142) ~[na:1.8.0_172]
	at java.net.URLClassLoader.defineClass(URLClassLoader.java:467) ~[na:1.8.0_172]
	at java.net.URLClassLoader.access$100(URLClassLoader.java:73) ~[na:1.8.0_172]
	at java.net.URLClassLoader$1.run(URLClassLoader.java:368) ~[na:1.8.0_172]
	at java.net.URLClassLoader$1.run(URLClassLoader.java:362) ~[na:1.8.0_172]
	at java.security.AccessController.doPrivileged(Native Method) ~[na:1.8.0_172]
	at java.net.URLClassLoader.findClass(URLClassLoader.java:361) ~[na:1.8.0_172]
	at java.lang.ClassLoader.loadClass(ClassLoader.java:424) ~[na:1.8.0_172]
	at sun.misc.Launcher$AppClassLoader.loadClass(Launcher.java:349) ~[na:1.8.0_172]
	at java.lang.ClassLoader.loadClass(ClassLoader.java:357) ~[na:1.8.0_172]
	at java.lang.Class.getDeclaredMethods0(Native Method) ~[na:1.8.0_172]
	at java.lang.Class.privateGetDeclaredMethods(Class.java:2701) ~[na:1.8.0_172]
	at java.lang.Class.getDeclaredMethods(Class.java:1975) ~[na:1.8.0_172]
	at org.springframework.util.ReflectionUtils.getDeclaredMethods(ReflectionUtils.java:489) ~[spring-core-5.1.8.RELEASE.jar:5.1.8.RELEASE]
	... 21 common frames omitted
Caused by: java.lang.ClassNotFoundException: org.springframework.web.filter.FormContentFilter
	at java.net.URLClassLoader.findClass(URLClassLoader.java:381) ~[na:1.8.0_172]
	at java.lang.ClassLoader.loadClass(ClassLoader.java:424) ~[na:1.8.0_172]
	at sun.misc.Launcher$AppClassLoader.loadClass(Launcher.java:349) ~[na:1.8.0_172]
	at java.lang.ClassLoader.loadClass(ClassLoader.java:357) ~[na:1.8.0_172]
	... 37 common frames omitted

2020-01-17 14:55:16.691  INFO 6596 --- [main] com.simple.blog.BlogApplication          : No active profile set, falling back to default profiles: default
2020-01-17 14:55:17.382 ERROR 6596 --- [main] o.s.boot.SpringApplication               : Application run failed

java.lang.IllegalStateException: Error processing condition on org.springframework.boot.autoconfigure.jmx.JmxAutoConfiguration.mbeanExporter
	at org.springframework.boot.autoconfigure.condition.SpringBootCondition.matches(SpringBootCondition.java:59) ~[spring-boot-autoconfigure-2.1.6.RELEASE.jar:2.1.6.RELEASE]
	at org.springframework.context.annotation.ConditionEvaluator.shouldSkip(ConditionEvaluator.java:108) ~[spring-context-5.1.8.RELEASE.jar:5.1.8.RELEASE]
	at org.springframework.context.annotation.ConfigurationClassBeanDefinitionReader.loadBeanDefinitionsForBeanMethod(ConfigurationClassBeanDefinitionReader.java:181) ~[spring-context-5.1.8.RELEASE.jar:5.1.8.RELEASE]
	at org.springframework.context.annotation.ConfigurationClassBeanDefinitionReader.loadBeanDefinitionsForConfigurationClass(ConfigurationClassBeanDefinitionReader.java:141) ~[spring-context-5.1.8.RELEASE.jar:5.1.8.RELEASE]
	at org.springframework.context.annotation.ConfigurationClassBeanDefinitionReader.loadBeanDefinitions(ConfigurationClassBeanDefinitionReader.java:117) ~[spring-context-5.1.8.RELEASE.jar:5.1.8.RELEASE]
	at org.springframework.context.annotation.ConfigurationClassPostProcessor.processConfigBeanDefinitions(ConfigurationClassPostProcessor.java:327) ~[spring-context-5.1.8.RELEASE.jar:5.1.8.RELEASE]
	at org.springframework.context.annotation.ConfigurationClassPostProcessor.postProcessBeanDefinitionRegistry(ConfigurationClassPostProcessor.java:232) ~[spring-context-5.1.8.RELEASE.jar:5.1.8.RELEASE]
	at org.springframework.context.support.PostProcessorRegistrationDelegate.invokeBeanDefinitionRegistryPostProcessors(PostProcessorRegistrationDelegate.java:275) ~[spring-context-5.1.8.RELEASE.jar:5.1.8.RELEASE]
	at org.springframework.context.support.PostProcessorRegistrationDelegate.invokeBeanFactoryPostProcessors(PostProcessorRegistrationDelegate.java:95) ~[spring-context-5.1.8.RELEASE.jar:5.1.8.RELEASE]
	at org.springframework.context.support.AbstractApplicationContext.invokeBeanFactoryPostProcessors(AbstractApplicationContext.java:705) ~[spring-context-5.1.8.RELEASE.jar:5.1.8.RELEASE]
	at org.springframework.context.support.AbstractApplicationContext.refresh(AbstractApplicationContext.java:531) ~[spring-context-5.1.8.RELEASE.jar:5.1.8.RELEASE]
	at org.springframework.boot.web.servlet.context.ServletWebServerApplicationContext.refresh(ServletWebServerApplicationContext.java:140) ~[spring-boot-2.1.6.RELEASE.jar:2.1.6.RELEASE]
	at org.springframework.boot.SpringApplication.refresh(SpringApplication.java:742) [spring-boot-2.1.6.RELEASE.jar:2.1.6.RELEASE]
	at org.springframework.boot.SpringApplication.refreshContext(SpringApplication.java:389) [spring-boot-2.1.6.RELEASE.jar:2.1.6.RELEASE]
	at org.springframework.boot.SpringApplication.run(SpringApplication.java:311) [spring-boot-2.1.6.RELEASE.jar:2.1.6.RELEASE]
	at org.springframework.boot.SpringApplication.run(SpringApplication.java:1213) [spring-boot-2.1.6.RELEASE.jar:2.1.6.RELEASE]
	at org.springframework.boot.SpringApplication.run(SpringApplication.java:1202) [spring-boot-2.1.6.RELEASE.jar:2.1.6.RELEASE]
	at com.simple.blog.BlogApplication.main(BlogApplication.java:19) [classes/:na]
Caused by: java.lang.IllegalStateException: Failed to introspect Class [org.springframework.boot.autoconfigure.web.servlet.WebMvcAutoConfiguration] from ClassLoader [sun.misc.Launcher$AppClassLoader@18b4aac2]
	at org.springframework.util.ReflectionUtils.getDeclaredMethods(ReflectionUtils.java:481) ~[spring-core-5.2.2.RELEASE.jar:5.2.2.RELEASE]
	at org.springframework.util.ReflectionUtils.doWithMethods(ReflectionUtils.java:358) ~[spring-core-5.2.2.RELEASE.jar:5.2.2.RELEASE]
	at org.springframework.util.ReflectionUtils.getUniqueDeclaredMethods(ReflectionUtils.java:414) ~[spring-core-5.2.2.RELEASE.jar:5.2.2.RELEASE]
	at org.springframework.util.ReflectionUtils.getUniqueDeclaredMethods(ReflectionUtils.java:400) ~[spring-core-5.2.2.RELEASE.jar:5.2.2.RELEASE]
	at java.util.concurrent.ConcurrentHashMap.computeIfAbsent(ConcurrentHashMap.java:1660) ~[na:1.8.0_172]
	at org.springframework.beans.factory.support.AbstractAutowireCapableBeanFactory.getTypeForFactoryMethod(AbstractAutowireCapableBeanFactory.java:738) ~[spring-beans-5.1.8.RELEASE.jar:5.1.8.RELEASE]
	at org.springframework.beans.factory.support.AbstractAutowireCapableBeanFactory.determineTargetType(AbstractAutowireCapableBeanFactory.java:679) ~[spring-beans-5.1.8.RELEASE.jar:5.1.8.RELEASE]
	at org.springframework.beans.factory.support.AbstractAutowireCapableBeanFactory.predictBeanType(AbstractAutowireCapableBeanFactory.java:647) ~[spring-beans-5.1.8.RELEASE.jar:5.1.8.RELEASE]
	at org.springframework.beans.factory.support.AbstractBeanFactory.isFactoryBean(AbstractBeanFactory.java:1518) ~[spring-beans-5.1.8.RELEASE.jar:5.1.8.RELEASE]
	at org.springframework.beans.factory.support.AbstractBeanFactory.isFactoryBean(AbstractBeanFactory.java:1023) ~[spring-beans-5.1.8.RELEASE.jar:5.1.8.RELEASE]
	at org.springframework.boot.autoconfigure.condition.BeanTypeRegistry.addBeanTypeForNonAliasDefinition(BeanTypeRegistry.java:190) ~[spring-boot-autoconfigure-2.1.6.RELEASE.jar:2.1.6.RELEASE]
	at org.springframework.boot.autoconfigure.condition.BeanTypeRegistry.addBeanTypeForNonAliasDefinition(BeanTypeRegistry.java:157) ~[spring-boot-autoconfigure-2.1.6.RELEASE.jar:2.1.6.RELEASE]
	at org.springframework.boot.autoconfigure.condition.BeanTypeRegistry.addBeanType(BeanTypeRegistry.java:150) ~[spring-boot-autoconfigure-2.1.6.RELEASE.jar:2.1.6.RELEASE]
	at org.springframework.boot.autoconfigure.condition.BeanTypeRegistry.updateTypesIfNecessary(BeanTypeRegistry.java:138) ~[spring-boot-autoconfigure-2.1.6.RELEASE.jar:2.1.6.RELEASE]
	at java.util.Iterator.forEachRemaining(Iterator.java:116) ~[na:1.8.0_172]
	at org.springframework.boot.autoconfigure.condition.BeanTypeRegistry.updateTypesIfNecessary(BeanTypeRegistry.java:133) ~[spring-boot-autoconfigure-2.1.6.RELEASE.jar:2.1.6.RELEASE]
	at org.springframework.boot.autoconfigure.condition.BeanTypeRegistry.getNamesForType(BeanTypeRegistry.java:97) ~[spring-boot-autoconfigure-2.1.6.RELEASE.jar:2.1.6.RELEASE]
	at org.springframework.boot.autoconfigure.condition.OnBeanCondition.collectBeanNamesForType(OnBeanCondition.java:268) ~[spring-boot-autoconfigure-2.1.6.RELEASE.jar:2.1.6.RELEASE]
	at org.springframework.boot.autoconfigure.condition.OnBeanCondition.getBeanNamesForType(OnBeanCondition.java:261) ~[spring-boot-autoconfigure-2.1.6.RELEASE.jar:2.1.6.RELEASE]
	at org.springframework.boot.autoconfigure.condition.OnBeanCondition.getBeanNamesForType(OnBeanCondition.java:250) ~[spring-boot-autoconfigure-2.1.6.RELEASE.jar:2.1.6.RELEASE]
	at org.springframework.boot.autoconfigure.condition.OnBeanCondition.getMatchingBeans(OnBeanCondition.java:170) ~[spring-boot-autoconfigure-2.1.6.RELEASE.jar:2.1.6.RELEASE]
	at org.springframework.boot.autoconfigure.condition.OnBeanCondition.getMatchOutcome(OnBeanCondition.java:145) ~[spring-boot-autoconfigure-2.1.6.RELEASE.jar:2.1.6.RELEASE]
	at org.springframework.boot.autoconfigure.condition.SpringBootCondition.matches(SpringBootCondition.java:46) ~[spring-boot-autoconfigure-2.1.6.RELEASE.jar:2.1.6.RELEASE]
	... 17 common frames omitted
Caused by: java.lang.NoClassDefFoundError: org/springframework/web/filter/FormContentFilter
	at java.lang.ClassLoader.defineClass1(Native Method) ~[na:1.8.0_172]
	at java.lang.ClassLoader.defineClass(ClassLoader.java:763) ~[na:1.8.0_172]
	at java.security.SecureClassLoader.defineClass(SecureClassLoader.java:142) ~[na:1.8.0_172]
	at java.net.URLClassLoader.defineClass(URLClassLoader.java:467) ~[na:1.8.0_172]
	at java.net.URLClassLoader.access$100(URLClassLoader.java:73) ~[na:1.8.0_172]
	at java.net.URLClassLoader$1.run(URLClassLoader.java:368) ~[na:1.8.0_172]
	at java.net.URLClassLoader$1.run(URLClassLoader.java:362) ~[na:1.8.0_172]
	at java.security.AccessController.doPrivileged(Native Method) ~[na:1.8.0_172]
	at java.net.URLClassLoader.findClass(URLClassLoader.java:361) ~[na:1.8.0_172]
	at java.lang.ClassLoader.loadClass(ClassLoader.java:424) ~[na:1.8.0_172]
	at sun.misc.Launcher$AppClassLoader.loadClass(Launcher.java:349) ~[na:1.8.0_172]
	at java.lang.ClassLoader.loadClass(ClassLoader.java:357) ~[na:1.8.0_172]
	at java.lang.Class.getDeclaredMethods0(Native Method) ~[na:1.8.0_172]
	at java.lang.Class.privateGetDeclaredMethods(Class.java:2701) ~[na:1.8.0_172]
	at java.lang.Class.getDeclaredMethods(Class.java:1975) ~[na:1.8.0_172]
	at org.springframework.util.ReflectionUtils.getDeclaredMethods(ReflectionUtils.java:463) ~[spring-core-5.2.2.RELEASE.jar:5.2.2.RELEASE]
	... 39 common frames omitted
Caused by: java.lang.ClassNotFoundException: org.springframework.web.filter.FormContentFilter
	at java.net.URLClassLoader.findClass(URLClassLoader.java:381) ~[na:1.8.0_172]
	at java.lang.ClassLoader.loadClass(ClassLoader.java:424) ~[na:1.8.0_172]
	at sun.misc.Launcher$AppClassLoader.loadClass(Launcher.java:349) ~[na:1.8.0_172]
	at java.lang.ClassLoader.loadClass(ClassLoader.java:357) ~[na:1.8.0_172]
	... 55 common frames omitted

2020-01-17 14:55:17.385  WARN 6596 --- [main] o.s.boot.SpringApplication               : Unable to close ApplicationContext

java.lang.IllegalStateException: Failed to introspect Class [org.springframework.boot.autoconfigure.web.servlet.WebMvcAutoConfiguration] from ClassLoader [sun.misc.Launcher$AppClassLoader@18b4aac2]
	at org.springframework.util.ReflectionUtils.getDeclaredMethods(ReflectionUtils.java:481) ~[spring-core-5.2.2.RELEASE.jar:5.2.2.RELEASE]
	at org.springframework.util.ReflectionUtils.doWithMethods(ReflectionUtils.java:358) ~[spring-core-5.2.2.RELEASE.jar:5.2.2.RELEASE]
	at org.springframework.util.ReflectionUtils.getUniqueDeclaredMethods(ReflectionUtils.java:414) ~[spring-core-5.2.2.RELEASE.jar:5.2.2.RELEASE]
	at org.springframework.util.ReflectionUtils.getUniqueDeclaredMethods(ReflectionUtils.java:400) ~[spring-core-5.2.2.RELEASE.jar:5.2.2.RELEASE]
	at java.util.concurrent.ConcurrentHashMap.computeIfAbsent(ConcurrentHashMap.java:1660) ~[na:1.8.0_172]
	at org.springframework.beans.factory.support.AbstractAutowireCapableBeanFactory.getTypeForFactoryMethod(AbstractAutowireCapableBeanFactory.java:738) ~[spring-beans-5.1.8.RELEASE.jar:5.1.8.RELEASE]
	at org.springframework.beans.factory.support.AbstractAutowireCapableBeanFactory.determineTargetType(AbstractAutowireCapableBeanFactory.java:679) ~[spring-beans-5.1.8.RELEASE.jar:5.1.8.RELEASE]
	at org.springframework.beans.factory.support.AbstractAutowireCapableBeanFactory.predictBeanType(AbstractAutowireCapableBeanFactory.java:647) ~[spring-beans-5.1.8.RELEASE.jar:5.1.8.RELEASE]
	at org.springframework.beans.factory.support.AbstractBeanFactory.isFactoryBean(AbstractBeanFactory.java:1518) ~[spring-beans-5.1.8.RELEASE.jar:5.1.8.RELEASE]
	at org.springframework.beans.factory.support.DefaultListableBeanFactory.doGetBeanNamesForType(DefaultListableBeanFactory.java:511) ~[spring-beans-5.1.8.RELEASE.jar:5.1.8.RELEASE]
	at org.springframework.beans.factory.support.DefaultListableBeanFactory.getBeanNamesForType(DefaultListableBeanFactory.java:481) ~[spring-beans-5.1.8.RELEASE.jar:5.1.8.RELEASE]
	at org.springframework.beans.factory.support.DefaultListableBeanFactory.getBeansOfType(DefaultListableBeanFactory.java:602) ~[spring-beans-5.1.8.RELEASE.jar:5.1.8.RELEASE]
	at org.springframework.beans.factory.support.DefaultListableBeanFactory.getBeansOfType(DefaultListableBeanFactory.java:594) ~[spring-beans-5.1.8.RELEASE.jar:5.1.8.RELEASE]
	at org.springframework.context.support.AbstractApplicationContext.getBeansOfType(AbstractApplicationContext.java:1226) ~[spring-context-5.1.8.RELEASE.jar:5.1.8.RELEASE]
	at org.springframework.boot.SpringApplication.getExitCodeFromMappedException(SpringApplication.java:864) [spring-boot-2.1.6.RELEASE.jar:2.1.6.RELEASE]
	at org.springframework.boot.SpringApplication.getExitCodeFromException(SpringApplication.java:852) [spring-boot-2.1.6.RELEASE.jar:2.1.6.RELEASE]
	at org.springframework.boot.SpringApplication.handleExitCode(SpringApplication.java:839) [spring-boot-2.1.6.RELEASE.jar:2.1.6.RELEASE]
	at org.springframework.boot.SpringApplication.handleRunFailure(SpringApplication.java:790) [spring-boot-2.1.6.RELEASE.jar:2.1.6.RELEASE]
	at org.springframework.boot.SpringApplication.run(SpringApplication.java:321) [spring-boot-2.1.6.RELEASE.jar:2.1.6.RELEASE]
	at org.springframework.boot.SpringApplication.run(SpringApplication.java:1213) [spring-boot-2.1.6.RELEASE.jar:2.1.6.RELEASE]
	at org.springframework.boot.SpringApplication.run(SpringApplication.java:1202) [spring-boot-2.1.6.RELEASE.jar:2.1.6.RELEASE]
	at com.simple.blog.BlogApplication.main(BlogApplication.java:19) [classes/:na]
Caused by: java.lang.NoClassDefFoundError: org/springframework/web/filter/FormContentFilter
	at java.lang.ClassLoader.defineClass1(Native Method) ~[na:1.8.0_172]
	at java.lang.ClassLoader.defineClass(ClassLoader.java:763) ~[na:1.8.0_172]
	at java.security.SecureClassLoader.defineClass(SecureClassLoader.java:142) ~[na:1.8.0_172]
	at java.net.URLClassLoader.defineClass(URLClassLoader.java:467) ~[na:1.8.0_172]
	at java.net.URLClassLoader.access$100(URLClassLoader.java:73) ~[na:1.8.0_172]
	at java.net.URLClassLoader$1.run(URLClassLoader.java:368) ~[na:1.8.0_172]
	at java.net.URLClassLoader$1.run(URLClassLoader.java:362) ~[na:1.8.0_172]
	at java.security.AccessController.doPrivileged(Native Method) ~[na:1.8.0_172]
	at java.net.URLClassLoader.findClass(URLClassLoader.java:361) ~[na:1.8.0_172]
	at java.lang.ClassLoader.loadClass(ClassLoader.java:424) ~[na:1.8.0_172]
	at sun.misc.Launcher$AppClassLoader.loadClass(Launcher.java:349) ~[na:1.8.0_172]
	at java.lang.ClassLoader.loadClass(ClassLoader.java:357) ~[na:1.8.0_172]
	at java.lang.Class.getDeclaredMethods0(Native Method) ~[na:1.8.0_172]
	at java.lang.Class.privateGetDeclaredMethods(Class.java:2701) ~[na:1.8.0_172]
	at java.lang.Class.getDeclaredMethods(Class.java:1975) ~[na:1.8.0_172]
	at org.springframework.util.ReflectionUtils.getDeclaredMethods(ReflectionUtils.java:463) ~[spring-core-5.2.2.RELEASE.jar:5.2.2.RELEASE]
	... 21 common frames omitted
Caused by: java.lang.ClassNotFoundException: org.springframework.web.filter.FormContentFilter
	at java.net.URLClassLoader.findClass(URLClassLoader.java:381) ~[na:1.8.0_172]
	at java.lang.ClassLoader.loadClass(ClassLoader.java:424) ~[na:1.8.0_172]
	at sun.misc.Launcher$AppClassLoader.loadClass(Launcher.java:349) ~[na:1.8.0_172]
	at java.lang.ClassLoader.loadClass(ClassLoader.java:357) ~[na:1.8.0_172]
	... 37 common frames omitted

2020-01-17 15:00:57.928  INFO 6396 --- [main] com.simple.blog.BlogApplication          : No active profile set, falling back to default profiles: default
2020-01-17 15:01:01.686  WARN 6396 --- [main] org.hibernate.id.UUIDHexGenerator        : HHH000409: Using org.hibernate.id.UUIDHexGenerator which does not generate IETF RFC 4122 compliant UUID values; consider using org.hibernate.id.UUIDGenerator instead
2020-01-17 15:01:03.846  WARN 6396 --- [main] o.s.c.n.a.ArchaiusAutoConfiguration      : No spring.application.name found, defaulting to 'application'
2020-01-17 15:01:03.849  WARN 6396 --- [main] c.n.c.sources.URLConfigurationSource     : No URLs will be polled as dynamic configuration sources.
2020-01-17 15:01:03.854  WARN 6396 --- [main] c.n.c.sources.URLConfigurationSource     : No URLs will be polled as dynamic configuration sources.
2020-01-17 15:01:04.047  WARN 6396 --- [main] aWebConfiguration$JpaWebMvcConfiguration : spring.jpa.open-in-view is enabled by default. Therefore, database queries may be performed during view rendering. Explicitly configure spring.jpa.open-in-view to disable this warning
2020-01-17 15:01:05.746  INFO 6396 --- [main] com.simple.blog.BlogApplication          : Started BlogApplication in 11.163 seconds (JVM running for 12.167)
2020-01-17 15:01:12.489  INFO 6396 --- [SimpleAsyncTaskExecutor-1] c.s.blog.service.impl.CacheServiceImpl   : ~~~刷新LabelConfig缓存~~~
2020-01-17 15:01:12.490  INFO 6396 --- [SimpleAsyncTaskExecutor-1] c.s.blog.async.MemoryApplicationRunner   : ^^^^^缓存memory成功^^^^^
2020-01-17 15:02:19.907  INFO 6396 --- [http-nio-8072-exec-1] c.s.blog.security.LoginSuccessHandler    : 登录成功！
2020-01-17 15:02:20.542 ERROR 6396 --- [SimpleAsyncTaskExecutor-2] .a.i.SimpleAsyncUncaughtExceptionHandler : Unexpected exception occurred invoking async method: public void com.simple.blog.service.impl.AsyncServiceImpl.refreshPersonalCache(java.lang.String)

java.lang.NullPointerException: null
	at com.simple.blog.service.impl.CacheServiceImpl.refreshPersonAttentionLabel(CacheServiceImpl.java:73) ~[classes/:na]
	at com.simple.blog.service.impl.AsyncServiceImpl.refreshPersonalCache(AsyncServiceImpl.java:31) ~[classes/:na]
	at sun.reflect.NativeMethodAccessorImpl.invoke0(Native Method) ~[na:1.8.0_172]
	at sun.reflect.NativeMethodAccessorImpl.invoke(NativeMethodAccessorImpl.java:62) ~[na:1.8.0_172]
	at sun.reflect.DelegatingMethodAccessorImpl.invoke(DelegatingMethodAccessorImpl.java:43) ~[na:1.8.0_172]
	at java.lang.reflect.Method.invoke(Method.java:498) ~[na:1.8.0_172]
	at org.springframework.aop.support.AopUtils.invokeJoinpointUsingReflection(AopUtils.java:343) ~[spring-aop-5.1.8.RELEASE.jar:5.1.8.RELEASE]
	at org.springframework.aop.framework.ReflectiveMethodInvocation.invokeJoinpoint(ReflectiveMethodInvocation.java:198) ~[spring-aop-5.1.8.RELEASE.jar:5.1.8.RELEASE]
	at org.springframework.aop.framework.ReflectiveMethodInvocation.proceed(ReflectiveMethodInvocation.java:163) ~[spring-aop-5.1.8.RELEASE.jar:5.1.8.RELEASE]
	at org.springframework.aop.interceptor.AsyncExecutionInterceptor.lambda$invoke$0(AsyncExecutionInterceptor.java:115) ~[spring-aop-5.1.8.RELEASE.jar:5.1.8.RELEASE]
	at java.util.concurrent.FutureTask.run$$$capture(FutureTask.java:266) ~[na:1.8.0_172]
	at java.util.concurrent.FutureTask.run(FutureTask.java) ~[na:1.8.0_172]
	at java.lang.Thread.run(Thread.java:748) ~[na:1.8.0_172]

2020-01-17 15:02:20.585  INFO 6396 --- [http-nio-8072-exec-3] com.simple.blog.security.JwtUtil         : 过期时间Sat Jan 18 15:02:19 CST 2020
2020-01-17 15:02:20.585  INFO 6396 --- [http-nio-8072-exec-5] com.simple.blog.security.JwtUtil         : 过期时间Sat Jan 18 15:02:19 CST 2020
2020-01-17 15:02:43.386  INFO 6396 --- [http-nio-8072-exec-8] com.simple.blog.security.JwtUtil         : 过期时间Sat Jan 18 15:02:19 CST 2020
2020-01-17 15:02:43.386  INFO 6396 --- [http-nio-8072-exec-9] com.simple.blog.security.JwtUtil         : 过期时间Sat Jan 18 15:02:19 CST 2020
2020-01-17 15:02:56.723  INFO 14132 --- [main] com.simple.blog.BlogApplication          : No active profile set, falling back to default profiles: default
2020-01-17 15:02:59.639  WARN 14132 --- [main] org.hibernate.id.UUIDHexGenerator        : HHH000409: Using org.hibernate.id.UUIDHexGenerator which does not generate IETF RFC 4122 compliant UUID values; consider using org.hibernate.id.UUIDGenerator instead
2020-01-17 15:03:01.530  WARN 14132 --- [main] o.s.c.n.a.ArchaiusAutoConfiguration      : No spring.application.name found, defaulting to 'application'
2020-01-17 15:03:01.535  WARN 14132 --- [main] c.n.c.sources.URLConfigurationSource     : No URLs will be polled as dynamic configuration sources.
2020-01-17 15:03:01.541  WARN 14132 --- [main] c.n.c.sources.URLConfigurationSource     : No URLs will be polled as dynamic configuration sources.
2020-01-17 15:03:01.718  WARN 14132 --- [main] aWebConfiguration$JpaWebMvcConfiguration : spring.jpa.open-in-view is enabled by default. Therefore, database queries may be performed during view rendering. Explicitly configure spring.jpa.open-in-view to disable this warning
2020-01-17 15:03:03.342  INFO 14132 --- [main] com.simple.blog.BlogApplication          : Started BlogApplication in 9.899 seconds (JVM running for 10.94)
2020-01-17 15:03:10.263  INFO 14132 --- [SimpleAsyncTaskExecutor-1] c.s.blog.service.impl.CacheServiceImpl   : ~~~刷新LabelConfig缓存~~~
2020-01-17 15:03:10.264  INFO 14132 --- [SimpleAsyncTaskExecutor-1] c.s.blog.async.MemoryApplicationRunner   : ^^^^^缓存memory成功^^^^^
2020-01-17 15:03:24.583  INFO 14132 --- [http-nio-8072-exec-3] com.simple.blog.security.JwtUtil         : 过期时间Sat Jan 18 15:02:19 CST 2020
2020-01-17 15:03:24.583  INFO 14132 --- [http-nio-8072-exec-4] com.simple.blog.security.JwtUtil         : 过期时间Sat Jan 18 15:02:19 CST 2020
2020-01-17 15:03:39.843  INFO 14132 --- [http-nio-8072-exec-5] c.s.blog.security.LoginSuccessHandler    : 登录成功！
2020-01-17 15:03:39.869  INFO 14132 --- [SimpleAsyncTaskExecutor-2] c.s.blog.service.impl.CacheServiceImpl   : ~~~user:刷新PersonAttentionLabel缓存~~~
2020-01-17 15:03:39.875  INFO 14132 --- [SimpleAsyncTaskExecutor-2] c.s.blog.service.impl.CacheServiceImpl   : ~~~user:刷新SystemConfig缓存~~~
2020-01-17 15:03:39.937  INFO 14132 --- [http-nio-8072-exec-8] com.simple.blog.security.JwtUtil         : 过期时间Sat Jan 18 15:03:39 CST 2020
2020-01-17 15:03:39.939  INFO 14132 --- [http-nio-8072-exec-9] com.simple.blog.security.JwtUtil         : 过期时间Sat Jan 18 15:03:39 CST 2020
2020-01-17 15:03:50.799  INFO 14132 --- [http-nio-8072-exec-1] com.simple.blog.security.JwtUtil         : 过期时间Sat Jan 18 15:03:39 CST 2020
2020-01-17 15:03:51.279  INFO 14132 --- [http-nio-8072-exec-3] com.simple.blog.security.JwtUtil         : 过期时间Sat Jan 18 15:03:39 CST 2020
2020-01-17 15:04:20.253  INFO 14132 --- [http-nio-8072-exec-5] com.simple.blog.security.JwtUtil         : 过期时间Sat Jan 18 15:03:39 CST 2020
2020-01-17 15:04:50.323  INFO 14132 --- [http-nio-8072-exec-8] com.simple.blog.security.JwtUtil         : 过期时间Sat Jan 18 15:03:39 CST 2020
2020-01-17 15:05:15.942  INFO 14132 --- [http-nio-8072-exec-1] com.simple.blog.security.JwtUtil         : 过期时间Sat Jan 18 15:03:39 CST 2020
2020-01-17 15:05:15.943  INFO 14132 --- [http-nio-8072-exec-2] com.simple.blog.security.JwtUtil         : 过期时间Sat Jan 18 15:03:39 CST 2020
2020-01-17 15:05:52.250  INFO 14132 --- [http-nio-8072-exec-5] com.simple.blog.security.JwtUtil         : 过期时间Sat Jan 18 15:03:39 CST 2020
2020-01-17 15:05:57.798  INFO 14132 --- [http-nio-8072-exec-6] com.simple.blog.security.JwtUtil         : 过期时间Sat Jan 18 15:03:39 CST 2020
2020-01-17 15:06:42.109  INFO 14132 --- [http-nio-8072-exec-9] com.simple.blog.security.JwtUtil         : 过期时间Sat Jan 18 15:03:39 CST 2020
2020-01-17 15:06:44.167  INFO 14132 --- [http-nio-8072-exec-10] com.simple.blog.security.JwtUtil         : 过期时间Sat Jan 18 15:03:39 CST 2020
2020-01-17 15:11:26.749  INFO 14132 --- [http-nio-8072-exec-6] com.simple.blog.security.JwtUtil         : 过期时间Sat Jan 18 15:03:39 CST 2020
2020-01-17 15:11:30.254  INFO 14132 --- [http-nio-8072-exec-5] com.simple.blog.security.JwtUtil         : 过期时间Sat Jan 18 15:03:39 CST 2020
2020-01-17 15:20:00.008  INFO 14132 --- [scheduling-1] com.simple.blog.async.CrawlerArticle     : ~~~开始拉取网易新闻:~~~
2020-01-17 15:20:01.178  WARN 14132 --- [scheduling-1] c.g.htmlunit.IncorrectnessListenerImpl   : Obsolete content type encountered: 'application/x-javascript'.
2020-01-17 15:20:01.211  WARN 14132 --- [scheduling-1] c.g.htmlunit.IncorrectnessListenerImpl   : Obsolete content type encountered: 'application/x-javascript'.
2020-01-17 15:20:01.233  WARN 14132 --- [scheduling-1] c.g.htmlunit.IncorrectnessListenerImpl   : Obsolete content type encountered: 'application/x-javascript'.
2020-01-17 15:20:01.261 ERROR 14132 --- [scheduling-1] c.g.h.javascript.StrictErrorReporter     : runtimeError: message=[An invalid or illegal selector was specified (selector: '> li' error: Invalid selectors: > li).] sourceName=[http://static.ws.126.net/cnews/js/ntes_jslib_1.x.js] line=[14] lineSource=[null] lineOffset=[0]
2020-01-17 15:20:01.275 ERROR 14132 --- [scheduling-1] c.g.h.javascript.StrictErrorReporter     : runtimeError: message=[An invalid or illegal selector was specified (selector: '> li' error: Invalid selectors: > li).] sourceName=[http://static.ws.126.net/cnews/js/ntes_jslib_1.x.js] line=[14] lineSource=[null] lineOffset=[0]
2020-01-17 15:20:01.384  WARN 14132 --- [scheduling-1] c.g.htmlunit.IncorrectnessListenerImpl   : Obsolete content type encountered: 'application/x-javascript'.
2020-01-17 15:20:01.454 ERROR 14132 --- [scheduling-1] c.g.h.javascript.StrictErrorReporter     : runtimeError: message=[An invalid or illegal selector was specified (selector: '> li' error: Invalid selectors: > li).] sourceName=[http://static.ws.126.net/cnews/js/ntes_jslib_1.x.js] line=[14] lineSource=[null] lineOffset=[0]
2020-01-17 15:20:01.768 ERROR 14132 --- [scheduling-1] c.g.h.javascript.StrictErrorReporter     : runtimeError: message=[An invalid or illegal selector was specified (selector: '> div.bar_pages > a' error: Invalid selectors: > div.bar_pages > a).] sourceName=[http://static.ws.126.net/cnews/js/ntes_jslib_1.x.js] line=[14] lineSource=[null] lineOffset=[0]
2020-01-17 15:20:01.811  WARN 14132 --- [scheduling-1] c.g.htmlunit.IncorrectnessListenerImpl   : Obsolete content type encountered: 'application/x-javascript'.
2020-01-17 15:20:01.932  WARN 14132 --- [scheduling-1] c.g.htmlunit.IncorrectnessListenerImpl   : Expected content type of 'application/javascript' or 'application/ecmascript' for remotely loaded JavaScript element at 'http://analytics.163.com/ntes?_nacc=news&_nvid=9d4d3e551616bcaa9f2a87221b5e910e&_nvtm=0&_nvsf=1&_nvfi=1&_nlag=en-us&_nlmf=1579245602&_nres=1024x768&_nscd=24-bit&_nstm=0&_nurl=http%3A//news.163.com/latest/&_ntit=%u6700%u65B0%u6EDA%u52A8%u65B0%u95FB_%u7F51%u6613%u65B0%u95FB%u4E2D%u5FC3&_nref=&_nfla=&_nssn=&_nxkey=56018750.45994&_end1', but got 'text/plain'.
2020-01-17 15:20:34.793  INFO 14132 --- [scheduling-1] com.simple.blog.async.CrawlerArticle     : ~~~开始拉取网易新闻:~~~
2020-01-17 15:28:43.293  INFO 3868 --- [main] com.simple.blog.BlogApplication          : No active profile set, falling back to default profiles: default
2020-01-17 15:28:46.496  WARN 3868 --- [main] org.hibernate.id.UUIDHexGenerator        : HHH000409: Using org.hibernate.id.UUIDHexGenerator which does not generate IETF RFC 4122 compliant UUID values; consider using org.hibernate.id.UUIDGenerator instead
2020-01-17 15:28:48.743  WARN 3868 --- [main] o.s.c.n.a.ArchaiusAutoConfiguration      : No spring.application.name found, defaulting to 'application'
2020-01-17 15:28:48.747  WARN 3868 --- [main] c.n.c.sources.URLConfigurationSource     : No URLs will be polled as dynamic configuration sources.
2020-01-17 15:28:48.754  WARN 3868 --- [main] c.n.c.sources.URLConfigurationSource     : No URLs will be polled as dynamic configuration sources.
2020-01-17 15:28:48.965  WARN 3868 --- [main] aWebConfiguration$JpaWebMvcConfiguration : spring.jpa.open-in-view is enabled by default. Therefore, database queries may be performed during view rendering. Explicitly configure spring.jpa.open-in-view to disable this warning
2020-01-17 15:28:50.609  INFO 3868 --- [main] com.simple.blog.BlogApplication          : Started BlogApplication in 10.648 seconds (JVM running for 11.708)
2020-01-17 15:28:57.791  INFO 3868 --- [SimpleAsyncTaskExecutor-1] c.s.blog.service.impl.CacheServiceImpl   : ~~~刷新LabelConfig缓存~~~
2020-01-17 15:28:57.792  INFO 3868 --- [SimpleAsyncTaskExecutor-1] c.s.blog.async.MemoryApplicationRunner   : ^^^^^缓存memory成功^^^^^
2020-01-17 15:29:08.932  INFO 3868 --- [http-nio-8072-exec-5] com.simple.blog.security.JwtUtil         : 过期时间Sat Jan 18 15:03:39 CST 2020
2020-01-17 15:29:08.932  INFO 3868 --- [http-nio-8072-exec-3] com.simple.blog.security.JwtUtil         : 过期时间Sat Jan 18 15:03:39 CST 2020
2020-01-17 15:35:23.179  INFO 16952 --- [main] com.simple.blog.BlogApplication          : No active profile set, falling back to default profiles: default
2020-01-17 15:35:26.210  WARN 16952 --- [main] org.hibernate.id.UUIDHexGenerator        : HHH000409: Using org.hibernate.id.UUIDHexGenerator which does not generate IETF RFC 4122 compliant UUID values; consider using org.hibernate.id.UUIDGenerator instead
2020-01-17 15:35:28.102  WARN 16952 --- [main] o.s.c.n.a.ArchaiusAutoConfiguration      : No spring.application.name found, defaulting to 'application'
2020-01-17 15:35:28.106  WARN 16952 --- [main] c.n.c.sources.URLConfigurationSource     : No URLs will be polled as dynamic configuration sources.
2020-01-17 15:35:28.111  WARN 16952 --- [main] c.n.c.sources.URLConfigurationSource     : No URLs will be polled as dynamic configuration sources.
2020-01-17 15:35:28.286  WARN 16952 --- [main] aWebConfiguration$JpaWebMvcConfiguration : spring.jpa.open-in-view is enabled by default. Therefore, database queries may be performed during view rendering. Explicitly configure spring.jpa.open-in-view to disable this warning
2020-01-17 15:35:29.939  INFO 16952 --- [main] com.simple.blog.BlogApplication          : Started BlogApplication in 10.03 seconds (JVM running for 11.17)
2020-01-17 15:35:36.774  INFO 16952 --- [SimpleAsyncTaskExecutor-1] c.s.blog.service.impl.CacheServiceImpl   : ~~~刷新LabelConfig缓存~~~
2020-01-17 15:35:36.774  INFO 16952 --- [SimpleAsyncTaskExecutor-1] c.s.blog.async.MemoryApplicationRunner   : ^^^^^缓存memory成功^^^^^
2020-01-17 15:35:49.435  INFO 16952 --- [http-nio-8072-exec-8] com.simple.blog.security.JwtUtil         : 过期时间Sat Jan 18 15:03:39 CST 2020
2020-01-17 15:35:49.435  INFO 16952 --- [http-nio-8072-exec-3] com.simple.blog.security.JwtUtil         : 过期时间Sat Jan 18 15:03:39 CST 2020
2020-01-17 15:39:33.635  INFO 15304 --- [main] com.simple.blog.BlogApplication          : No active profile set, falling back to default profiles: default
2020-01-17 15:39:36.657  WARN 15304 --- [main] org.hibernate.id.UUIDHexGenerator        : HHH000409: Using org.hibernate.id.UUIDHexGenerator which does not generate IETF RFC 4122 compliant UUID values; consider using org.hibernate.id.UUIDGenerator instead
2020-01-17 15:39:38.608  WARN 15304 --- [main] o.s.c.n.a.ArchaiusAutoConfiguration      : No spring.application.name found, defaulting to 'application'
2020-01-17 15:39:38.612  WARN 15304 --- [main] c.n.c.sources.URLConfigurationSource     : No URLs will be polled as dynamic configuration sources.
2020-01-17 15:39:38.617  WARN 15304 --- [main] c.n.c.sources.URLConfigurationSource     : No URLs will be polled as dynamic configuration sources.
2020-01-17 15:39:38.798  WARN 15304 --- [main] aWebConfiguration$JpaWebMvcConfiguration : spring.jpa.open-in-view is enabled by default. Therefore, database queries may be performed during view rendering. Explicitly configure spring.jpa.open-in-view to disable this warning
2020-01-17 15:39:40.514  INFO 15304 --- [main] com.simple.blog.BlogApplication          : Started BlogApplication in 10.106 seconds (JVM running for 11.426)
2020-01-17 15:39:47.934  INFO 15304 --- [SimpleAsyncTaskExecutor-1] c.s.blog.service.impl.CacheServiceImpl   : ~~~刷新LabelConfig缓存~~~
2020-01-17 15:39:47.934  INFO 15304 --- [SimpleAsyncTaskExecutor-1] c.s.blog.async.MemoryApplicationRunner   : ^^^^^缓存memory成功^^^^^
2020-01-17 15:40:00.028  INFO 15304 --- [scheduling-1] com.simple.blog.async.CrawlerArticle     : ~~~开始拉取网易新闻:~~~
2020-01-17 15:40:01.514  WARN 15304 --- [scheduling-1] c.g.htmlunit.IncorrectnessListenerImpl   : Obsolete content type encountered: 'application/x-javascript'.
2020-01-17 15:40:01.556  WARN 15304 --- [scheduling-1] c.g.htmlunit.IncorrectnessListenerImpl   : Obsolete content type encountered: 'application/x-javascript'.
2020-01-17 15:40:01.580  WARN 15304 --- [scheduling-1] c.g.htmlunit.IncorrectnessListenerImpl   : Obsolete content type encountered: 'application/x-javascript'.
2020-01-17 15:40:01.658 ERROR 15304 --- [scheduling-1] c.g.h.javascript.StrictErrorReporter     : runtimeError: message=[An invalid or illegal selector was specified (selector: '> li' error: Invalid selectors: > li).] sourceName=[http://static.ws.126.net/cnews/js/ntes_jslib_1.x.js] line=[14] lineSource=[null] lineOffset=[0]
2020-01-17 15:40:01.686 ERROR 15304 --- [scheduling-1] c.g.h.javascript.StrictErrorReporter     : runtimeError: message=[An invalid or illegal selector was specified (selector: '> li' error: Invalid selectors: > li).] sourceName=[http://static.ws.126.net/cnews/js/ntes_jslib_1.x.js] line=[14] lineSource=[null] lineOffset=[0]
2020-01-17 15:40:01.970  WARN 15304 --- [scheduling-1] c.g.htmlunit.IncorrectnessListenerImpl   : Obsolete content type encountered: 'application/x-javascript'.
2020-01-17 15:40:02.024 ERROR 15304 --- [scheduling-1] c.g.h.javascript.StrictErrorReporter     : runtimeError: message=[An invalid or illegal selector was specified (selector: '> li' error: Invalid selectors: > li).] sourceName=[http://static.ws.126.net/cnews/js/ntes_jslib_1.x.js] line=[14] lineSource=[null] lineOffset=[0]
2020-01-17 15:40:02.410  INFO 15304 --- [http-nio-8072-exec-3] com.simple.blog.security.JwtUtil         : 过期时间Sat Jan 18 15:03:39 CST 2020
2020-01-17 15:40:02.412  INFO 15304 --- [http-nio-8072-exec-4] com.simple.blog.security.JwtUtil         : 过期时间Sat Jan 18 15:03:39 CST 2020
2020-01-17 15:40:02.511 ERROR 15304 --- [scheduling-1] c.g.h.javascript.StrictErrorReporter     : runtimeError: message=[An invalid or illegal selector was specified (selector: '> div.bar_pages > a' error: Invalid selectors: > div.bar_pages > a).] sourceName=[http://static.ws.126.net/cnews/js/ntes_jslib_1.x.js] line=[14] lineSource=[null] lineOffset=[0]
2020-01-17 15:40:04.503  WARN 15304 --- [scheduling-1] c.g.htmlunit.IncorrectnessListenerImpl   : Obsolete content type encountered: 'application/x-javascript'.
2020-01-17 15:40:04.610  WARN 15304 --- [scheduling-1] c.g.htmlunit.IncorrectnessListenerImpl   : Expected content type of 'application/javascript' or 'application/ecmascript' for remotely loaded JavaScript element at 'http://analytics.163.com/ntes?_nacc=news&_nvid=31681925ea7159237412938aa9e7b01a&_nvtm=0&_nvsf=1&_nvfi=1&_nlag=en-us&_nlmf=1579246801&_nres=1024x768&_nscd=24-bit&_nstm=0&_nurl=http%3A//news.163.com/latest/&_ntit=%u6700%u65B0%u6EDA%u52A8%u65B0%u95FB_%u7F51%u6613%u65B0%u95FB%u4E2D%u5FC3&_nref=&_nfla=&_nssn=&_nxkey=68045490.43663&_end1', but got 'text/plain'.
2020-01-17 15:40:37.716  INFO 15304 --- [scheduling-1] com.simple.blog.async.CrawlerArticle     : ~~~开始拉取网易新闻:~~~
2020-01-17 15:51:04.123  INFO 14556 --- [main] com.simple.blog.BlogApplication          : No active profile set, falling back to default profiles: default
2020-01-17 15:51:07.473  WARN 14556 --- [main] org.hibernate.id.UUIDHexGenerator        : HHH000409: Using org.hibernate.id.UUIDHexGenerator which does not generate IETF RFC 4122 compliant UUID values; consider using org.hibernate.id.UUIDGenerator instead
2020-01-17 15:51:09.822  WARN 14556 --- [main] o.s.c.n.a.ArchaiusAutoConfiguration      : No spring.application.name found, defaulting to 'application'
2020-01-17 15:51:09.827  WARN 14556 --- [main] c.n.c.sources.URLConfigurationSource     : No URLs will be polled as dynamic configuration sources.
2020-01-17 15:51:09.834  WARN 14556 --- [main] c.n.c.sources.URLConfigurationSource     : No URLs will be polled as dynamic configuration sources.
2020-01-17 15:51:10.112  WARN 14556 --- [main] aWebConfiguration$JpaWebMvcConfiguration : spring.jpa.open-in-view is enabled by default. Therefore, database queries may be performed during view rendering. Explicitly configure spring.jpa.open-in-view to disable this warning
2020-01-17 15:51:11.588  INFO 14556 --- [main] com.simple.blog.BlogApplication          : Started BlogApplication in 10.79 seconds (JVM running for 11.788)
2020-01-17 15:51:19.026  INFO 14556 --- [SimpleAsyncTaskExecutor-1] c.s.blog.service.impl.CacheServiceImpl   : ~~~刷新LabelConfig缓存~~~
2020-01-17 15:51:19.026  INFO 14556 --- [SimpleAsyncTaskExecutor-1] c.s.blog.async.MemoryApplicationRunner   : ^^^^^缓存memory成功^^^^^
2020-01-17 15:51:26.057  INFO 14556 --- [http-nio-8072-exec-3] com.simple.blog.security.JwtUtil         : 过期时间Sat Jan 18 15:03:39 CST 2020
2020-01-17 15:51:26.057  INFO 14556 --- [http-nio-8072-exec-4] com.simple.blog.security.JwtUtil         : 过期时间Sat Jan 18 15:03:39 CST 2020
2020-01-17 15:51:34.072  INFO 14556 --- [http-nio-8072-exec-7] com.simple.blog.security.JwtUtil         : 过期时间Sat Jan 18 15:03:39 CST 2020
2020-01-17 15:51:34.086  INFO 14556 --- [http-nio-8072-exec-8] com.simple.blog.security.JwtUtil         : 过期时间Sat Jan 18 15:03:39 CST 2020
2020-01-17 15:51:34.317  INFO 14556 --- [http-nio-8072-exec-9] com.simple.blog.security.JwtUtil         : 过期时间Sat Jan 18 15:03:39 CST 2020
2020-01-17 15:51:34.339  INFO 14556 --- [http-nio-8072-exec-10] com.simple.blog.security.JwtUtil         : 过期时间Sat Jan 18 15:03:39 CST 2020
2020-01-17 15:51:34.348  INFO 14556 --- [http-nio-8072-exec-2] com.simple.blog.security.JwtUtil         : 过期时间Sat Jan 18 15:03:39 CST 2020
2020-01-17 15:51:34.368  INFO 14556 --- [http-nio-8072-exec-1] com.simple.blog.security.JwtUtil         : 过期时间Sat Jan 18 15:03:39 CST 2020
2020-01-17 15:51:34.380  INFO 14556 --- [http-nio-8072-exec-3] com.simple.blog.security.JwtUtil         : 过期时间Sat Jan 18 15:03:39 CST 2020
2020-01-17 15:51:34.384  INFO 14556 --- [http-nio-8072-exec-5] com.simple.blog.security.JwtUtil         : 过期时间Sat Jan 18 15:03:39 CST 2020
2020-01-17 15:51:34.385  INFO 14556 --- [http-nio-8072-exec-6] com.simple.blog.security.JwtUtil         : 过期时间Sat Jan 18 15:03:39 CST 2020
2020-01-17 15:51:34.406  INFO 14556 --- [http-nio-8072-exec-4] com.simple.blog.security.JwtUtil         : 过期时间Sat Jan 18 15:03:39 CST 2020
2020-01-17 15:51:34.413  INFO 14556 --- [http-nio-8072-exec-8] com.simple.blog.security.JwtUtil         : 过期时间Sat Jan 18 15:03:39 CST 2020
2020-01-17 15:51:34.426  INFO 14556 --- [http-nio-8072-exec-7] com.simple.blog.security.JwtUtil         : 过期时间Sat Jan 18 15:03:39 CST 2020
2020-01-17 15:51:34.441  INFO 14556 --- [http-nio-8072-exec-10] com.simple.blog.security.JwtUtil         : 过期时间Sat Jan 18 15:03:39 CST 2020
2020-01-17 15:51:34.452  INFO 14556 --- [http-nio-8072-exec-2] com.simple.blog.security.JwtUtil         : 过期时间Sat Jan 18 15:03:39 CST 2020
2020-01-17 15:51:34.463  INFO 14556 --- [http-nio-8072-exec-9] com.simple.blog.security.JwtUtil         : 过期时间Sat Jan 18 15:03:39 CST 2020
2020-01-17 15:51:34.479  INFO 14556 --- [http-nio-8072-exec-1] com.simple.blog.security.JwtUtil         : 过期时间Sat Jan 18 15:03:39 CST 2020
2020-01-17 15:51:34.493  INFO 14556 --- [http-nio-8072-exec-3] com.simple.blog.security.JwtUtil         : 过期时间Sat Jan 18 15:03:39 CST 2020
2020-01-17 15:51:34.508  INFO 14556 --- [http-nio-8072-exec-6] com.simple.blog.security.JwtUtil         : 过期时间Sat Jan 18 15:03:39 CST 2020
2020-01-17 15:51:34.518  INFO 14556 --- [http-nio-8072-exec-5] com.simple.blog.security.JwtUtil         : 过期时间Sat Jan 18 15:03:39 CST 2020
2020-01-17 15:51:34.532  INFO 14556 --- [http-nio-8072-exec-4] com.simple.blog.security.JwtUtil         : 过期时间Sat Jan 18 15:03:39 CST 2020
2020-01-17 15:51:34.541  INFO 14556 --- [http-nio-8072-exec-8] com.simple.blog.security.JwtUtil         : 过期时间Sat Jan 18 15:03:39 CST 2020
2020-01-17 15:51:34.553  INFO 14556 --- [http-nio-8072-exec-7] com.simple.blog.security.JwtUtil         : 过期时间Sat Jan 18 15:03:39 CST 2020
2020-01-17 15:55:11.107  INFO 14556 --- [http-nio-8072-exec-4] com.simple.blog.security.JwtUtil         : 过期时间Sat Jan 18 15:03:39 CST 2020
2020-01-17 15:55:16.524  INFO 14556 --- [http-nio-8072-exec-8] com.simple.blog.security.JwtUtil         : 过期时间Sat Jan 18 15:03:39 CST 2020
2020-01-17 15:55:16.532  INFO 14556 --- [http-nio-8072-exec-7] com.simple.blog.security.JwtUtil         : 过期时间Sat Jan 18 15:03:39 CST 2020
2020-01-17 15:55:16.538  INFO 14556 --- [http-nio-8072-exec-8] com.simple.blog.security.JwtUtil         : 过期时间Sat Jan 18 15:03:39 CST 2020
2020-01-17 15:55:16.723  INFO 14556 --- [http-nio-8072-exec-5] com.simple.blog.security.JwtUtil         : 过期时间Sat Jan 18 15:03:39 CST 2020
2020-01-17 15:55:16.751  INFO 14556 --- [http-nio-8072-exec-4] com.simple.blog.security.JwtUtil         : 过期时间Sat Jan 18 15:03:39 CST 2020
2020-01-17 15:55:16.756  INFO 14556 --- [http-nio-8072-exec-8] com.simple.blog.security.JwtUtil         : 过期时间Sat Jan 18 15:03:39 CST 2020
2020-01-17 15:55:16.757  INFO 14556 --- [http-nio-8072-exec-2] com.simple.blog.security.JwtUtil         : 过期时间Sat Jan 18 15:03:39 CST 2020
2020-01-17 15:55:16.775  INFO 14556 --- [http-nio-8072-exec-2] com.simple.blog.security.JwtUtil         : 过期时间Sat Jan 18 15:03:39 CST 2020
2020-01-17 15:55:16.777  INFO 14556 --- [http-nio-8072-exec-8] com.simple.blog.security.JwtUtil         : 过期时间Sat Jan 18 15:03:39 CST 2020
2020-01-17 15:55:16.791  INFO 14556 --- [http-nio-8072-exec-2] com.simple.blog.security.JwtUtil         : 过期时间Sat Jan 18 15:03:39 CST 2020
2020-01-17 15:55:16.792  INFO 14556 --- [http-nio-8072-exec-8] com.simple.blog.security.JwtUtil         : 过期时间Sat Jan 18 15:03:39 CST 2020
2020-01-17 15:55:16.805  INFO 14556 --- [http-nio-8072-exec-8] com.simple.blog.security.JwtUtil         : 过期时间Sat Jan 18 15:03:39 CST 2020
2020-01-17 15:55:16.812  INFO 14556 --- [http-nio-8072-exec-2] com.simple.blog.security.JwtUtil         : 过期时间Sat Jan 18 15:03:39 CST 2020
2020-01-17 15:55:16.814  INFO 14556 --- [http-nio-8072-exec-4] com.simple.blog.security.JwtUtil         : 过期时间Sat Jan 18 15:03:39 CST 2020
2020-01-17 15:55:16.820  INFO 14556 --- [http-nio-8072-exec-6] com.simple.blog.security.JwtUtil         : 过期时间Sat Jan 18 15:03:39 CST 2020
2020-01-17 15:55:16.822  INFO 14556 --- [http-nio-8072-exec-8] com.simple.blog.security.JwtUtil         : 过期时间Sat Jan 18 15:03:39 CST 2020
2020-01-17 15:55:16.837  INFO 14556 --- [http-nio-8072-exec-7] com.simple.blog.security.JwtUtil         : 过期时间Sat Jan 18 15:03:39 CST 2020
2020-01-17 15:55:16.837  INFO 14556 --- [http-nio-8072-exec-2] com.simple.blog.security.JwtUtil         : 过期时间Sat Jan 18 15:03:39 CST 2020
2020-01-17 15:55:16.849  INFO 14556 --- [http-nio-8072-exec-4] com.simple.blog.security.JwtUtil         : 过期时间Sat Jan 18 15:03:39 CST 2020
2020-01-17 15:55:16.852  INFO 14556 --- [http-nio-8072-exec-2] com.simple.blog.security.JwtUtil         : 过期时间Sat Jan 18 15:03:39 CST 2020
2020-01-17 15:55:16.854  INFO 14556 --- [http-nio-8072-exec-9] com.simple.blog.security.JwtUtil         : 过期时间Sat Jan 18 15:03:39 CST 2020
2020-01-17 15:55:16.867  INFO 14556 --- [http-nio-8072-exec-2] com.simple.blog.security.JwtUtil         : 过期时间Sat Jan 18 15:03:39 CST 2020
2020-01-17 15:55:16.871  INFO 14556 --- [http-nio-8072-exec-9] com.simple.blog.security.JwtUtil         : 过期时间Sat Jan 18 15:03:39 CST 2020
2020-01-17 15:55:23.471  INFO 14556 --- [http-nio-8072-exec-4] com.simple.blog.security.JwtUtil         : 过期时间Sat Jan 18 15:03:39 CST 2020
2020-01-17 15:55:23.958  INFO 14556 --- [http-nio-8072-exec-1] com.simple.blog.security.JwtUtil         : 过期时间Sat Jan 18 15:03:39 CST 2020
2020-01-17 15:55:24.128  INFO 14556 --- [http-nio-8072-exec-5] com.simple.blog.security.JwtUtil         : 过期时间Sat Jan 18 15:03:39 CST 2020
2020-01-17 15:55:24.149  INFO 14556 --- [http-nio-8072-exec-2] com.simple.blog.security.JwtUtil         : 过期时间Sat Jan 18 15:03:39 CST 2020
2020-01-17 15:55:24.155  INFO 14556 --- [http-nio-8072-exec-8] com.simple.blog.security.JwtUtil         : 过期时间Sat Jan 18 15:03:39 CST 2020
2020-01-17 15:55:24.164  INFO 14556 --- [http-nio-8072-exec-6] com.simple.blog.security.JwtUtil         : 过期时间Sat Jan 18 15:03:39 CST 2020
2020-01-17 15:55:24.166  INFO 14556 --- [http-nio-8072-exec-9] com.simple.blog.security.JwtUtil         : 过期时间Sat Jan 18 15:03:39 CST 2020
2020-01-17 15:55:24.171  INFO 14556 --- [http-nio-8072-exec-2] com.simple.blog.security.JwtUtil         : 过期时间Sat Jan 18 15:03:39 CST 2020
2020-01-17 15:55:24.175  INFO 14556 --- [http-nio-8072-exec-8] com.simple.blog.security.JwtUtil         : 过期时间Sat Jan 18 15:03:39 CST 2020
2020-01-17 15:55:24.182  INFO 14556 --- [http-nio-8072-exec-6] com.simple.blog.security.JwtUtil         : 过期时间Sat Jan 18 15:03:39 CST 2020
2020-01-17 15:55:24.187  INFO 14556 --- [http-nio-8072-exec-2] com.simple.blog.security.JwtUtil         : 过期时间Sat Jan 18 15:03:39 CST 2020
2020-01-17 15:55:24.190  INFO 14556 --- [http-nio-8072-exec-8] com.simple.blog.security.JwtUtil         : 过期时间Sat Jan 18 15:03:39 CST 2020
2020-01-17 15:55:24.192  INFO 14556 --- [http-nio-8072-exec-10] com.simple.blog.security.JwtUtil         : 过期时间Sat Jan 18 15:03:39 CST 2020
2020-01-17 15:55:24.196  INFO 14556 --- [http-nio-8072-exec-6] com.simple.blog.security.JwtUtil         : 过期时间Sat Jan 18 15:03:39 CST 2020
2020-01-17 15:55:24.204  INFO 14556 --- [http-nio-8072-exec-8] com.simple.blog.security.JwtUtil         : 过期时间Sat Jan 18 15:03:39 CST 2020
2020-01-17 15:55:24.224  INFO 14556 --- [http-nio-8072-exec-6] com.simple.blog.security.JwtUtil         : 过期时间Sat Jan 18 15:03:39 CST 2020
2020-01-17 15:55:24.230  INFO 14556 --- [http-nio-8072-exec-4] com.simple.blog.security.JwtUtil         : 过期时间Sat Jan 18 15:03:39 CST 2020
2020-01-17 15:55:24.245  INFO 14556 --- [http-nio-8072-exec-2] com.simple.blog.security.JwtUtil         : 过期时间Sat Jan 18 15:03:39 CST 2020
2020-01-17 15:55:24.250  INFO 14556 --- [http-nio-8072-exec-10] com.simple.blog.security.JwtUtil         : 过期时间Sat Jan 18 15:03:39 CST 2020
2020-01-17 15:55:24.258  INFO 14556 --- [http-nio-8072-exec-3] com.simple.blog.security.JwtUtil         : 过期时间Sat Jan 18 15:03:39 CST 2020
2020-01-17 15:55:24.267  INFO 14556 --- [http-nio-8072-exec-1] com.simple.blog.security.JwtUtil         : 过期时间Sat Jan 18 15:03:39 CST 2020
2020-01-17 15:55:24.275  INFO 14556 --- [http-nio-8072-exec-7] com.simple.blog.security.JwtUtil         : 过期时间Sat Jan 18 15:03:39 CST 2020
2020-01-17 15:55:26.380  INFO 14556 --- [http-nio-8072-exec-8] com.simple.blog.security.JwtUtil         : 过期时间Sat Jan 18 15:03:39 CST 2020
2020-01-17 15:56:13.169  INFO 14556 --- [http-nio-8072-exec-6] com.simple.blog.security.JwtUtil         : 过期时间Sat Jan 18 15:03:39 CST 2020
2020-01-17 15:56:20.309  INFO 14556 --- [http-nio-8072-exec-2] com.simple.blog.security.JwtUtil         : 过期时间Sat Jan 18 15:03:39 CST 2020
2020-01-17 15:58:33.856  INFO 14172 --- [main] com.simple.blog.BlogApplication          : No active profile set, falling back to default profiles: default
2020-01-17 15:58:36.656  INFO 14172 --- [main] com.zaxxer.hikari.HikariDataSource       : HikariPool-1 - Starting...
2020-01-17 15:58:36.811  INFO 14172 --- [main] com.zaxxer.hikari.HikariDataSource       : HikariPool-1 - Start completed.
2020-01-17 15:58:37.060  WARN 14172 --- [main] org.hibernate.id.UUIDHexGenerator        : HHH000409: Using org.hibernate.id.UUIDHexGenerator which does not generate IETF RFC 4122 compliant UUID values; consider using org.hibernate.id.UUIDGenerator instead
2020-01-17 15:58:39.488  WARN 14172 --- [main] o.s.c.n.a.ArchaiusAutoConfiguration      : No spring.application.name found, defaulting to 'application'
2020-01-17 15:58:39.491  WARN 14172 --- [main] c.n.c.sources.URLConfigurationSource     : No URLs will be polled as dynamic configuration sources.
2020-01-17 15:58:39.492  INFO 14172 --- [main] c.n.c.sources.URLConfigurationSource     : To enable URLs as dynamic configuration sources, define System property archaius.configurationSource.additionalUrls or make config.properties available on classpath.
2020-01-17 15:58:39.496  WARN 14172 --- [main] c.n.c.sources.URLConfigurationSource     : No URLs will be polled as dynamic configuration sources.
2020-01-17 15:58:39.497  INFO 14172 --- [main] c.n.c.sources.URLConfigurationSource     : To enable URLs as dynamic configuration sources, define System property archaius.configurationSource.additionalUrls or make config.properties available on classpath.
2020-01-17 15:58:39.687  WARN 14172 --- [main] aWebConfiguration$JpaWebMvcConfiguration : spring.jpa.open-in-view is enabled by default. Therefore, database queries may be performed during view rendering. Explicitly configure spring.jpa.open-in-view to disable this warning
2020-01-17 15:58:41.199  INFO 14172 --- [main] com.simple.blog.BlogApplication          : Started BlogApplication in 10.568 seconds (JVM running for 11.645)
2020-01-17 15:58:47.893  INFO 14172 --- [SimpleAsyncTaskExecutor-1] c.s.blog.service.impl.CacheServiceImpl   : ~~~刷新LabelConfig缓存~~~
2020-01-17 15:58:47.893  INFO 14172 --- [SimpleAsyncTaskExecutor-1] c.s.blog.async.MemoryApplicationRunner   : ^^^^^缓存memory成功^^^^^
2020-01-17 15:58:56.495  INFO 14172 --- [http-nio-8072-exec-2] com.simple.blog.security.JwtUtil         : 过期时间Sat Jan 18 15:03:39 CST 2020
2020-01-17 15:58:56.498  INFO 14172 --- [http-nio-8072-exec-3] com.simple.blog.security.JwtUtil         : 过期时间Sat Jan 18 15:03:39 CST 2020
2020-01-17 15:58:56.621  INFO 14172 --- [http-nio-8072-exec-3] com.sn.common.aop.ControllerAspectAop    : =====start=====
2020-01-17 15:58:56.622  INFO 14172 --- [http-nio-8072-exec-3] com.sn.common.aop.ControllerAspectAop    : annotation description: 获取个人信息
2020-01-17 15:58:56.621  INFO 14172 --- [http-nio-8072-exec-2] com.sn.common.aop.ControllerAspectAop    : =====start=====
2020-01-17 15:58:56.622  INFO 14172 --- [http-nio-8072-exec-2] com.sn.common.aop.ControllerAspectAop    : annotation description: 获取登陆信息
2020-01-17 15:58:56.623  INFO 14172 --- [http-nio-8072-exec-3] com.sn.common.aop.ControllerAspectAop    : URL: http://localhost:8072/history/get
2020-01-17 15:58:56.623  INFO 14172 --- [http-nio-8072-exec-2] com.sn.common.aop.ControllerAspectAop    : URL: http://localhost:8072/blogger/getBlogger
2020-01-17 15:58:56.623  INFO 14172 --- [http-nio-8072-exec-2] com.sn.common.aop.ControllerAspectAop    : HTTP Method: POST
2020-01-17 15:58:56.623  INFO 14172 --- [http-nio-8072-exec-3] com.sn.common.aop.ControllerAspectAop    : HTTP Method: POST
2020-01-17 15:58:56.623  INFO 14172 --- [http-nio-8072-exec-2] com.sn.common.aop.ControllerAspectAop    : Class Method: com.simple.blog.controller.BloggerController.getBloggerInfo
2020-01-17 15:58:56.623  INFO 14172 --- [http-nio-8072-exec-3] com.sn.common.aop.ControllerAspectAop    : Class Method: com.simple.blog.controller.HistoryController.getHistoryInfo
2020-01-17 15:58:56.623  INFO 14172 --- [http-nio-8072-exec-2] com.sn.common.aop.ControllerAspectAop    : IP: 0:0:0:0:0:0:0:1
2020-01-17 15:58:56.623  INFO 14172 --- [http-nio-8072-exec-3] com.sn.common.aop.ControllerAspectAop    : IP: 0:0:0:0:0:0:0:1
2020-01-17 15:58:56.623  INFO 14172 --- [http-nio-8072-exec-3] com.sn.common.aop.ControllerAspectAop    : Request Args: CommonVO(recordStartNo=0, pageRecordNum=10, condition=null)
2020-01-17 15:58:56.623  INFO 14172 --- [http-nio-8072-exec-2] com.sn.common.aop.ControllerAspectAop    : Request Args: CommonVO(recordStartNo=null, pageRecordNum=null, condition=BloggerVO(id=null, author=null, realName=null, gender=null, age=null, profession=null, telephone=null, email=null, motto=null, headPortrait=null, username=null, userId=null))
2020-01-17 15:58:56.633  INFO 14172 --- [http-nio-8072-exec-2] com.sn.common.aop.ControllerAspectAop    : =====End=====
2020-01-17 15:58:56.651  INFO 14172 --- [http-nio-8072-exec-3] com.sn.common.aop.ControllerAspectAop    : =====End=====
2020-01-17 16:00:00.007  INFO 14172 --- [scheduling-1] com.simple.blog.async.CrawlerArticle     : ~~~开始拉取网易新闻:~~~
2020-01-17 16:00:01.377  WARN 14172 --- [scheduling-1] c.g.htmlunit.IncorrectnessListenerImpl   : Obsolete content type encountered: 'application/x-javascript'.
2020-01-17 16:00:01.436  WARN 14172 --- [scheduling-1] c.g.htmlunit.IncorrectnessListenerImpl   : Obsolete content type encountered: 'application/x-javascript'.
2020-01-17 16:00:01.476  WARN 14172 --- [scheduling-1] c.g.htmlunit.IncorrectnessListenerImpl   : Obsolete content type encountered: 'application/x-javascript'.
2020-01-17 16:00:01.550 ERROR 14172 --- [scheduling-1] c.g.h.javascript.StrictErrorReporter     : runtimeError: message=[An invalid or illegal selector was specified (selector: '> li' error: Invalid selectors: > li).] sourceName=[http://static.ws.126.net/cnews/js/ntes_jslib_1.x.js] line=[14] lineSource=[null] lineOffset=[0]
2020-01-17 16:00:01.562 ERROR 14172 --- [scheduling-1] c.g.h.javascript.StrictErrorReporter     : runtimeError: message=[An invalid or illegal selector was specified (selector: '> li' error: Invalid selectors: > li).] sourceName=[http://static.ws.126.net/cnews/js/ntes_jslib_1.x.js] line=[14] lineSource=[null] lineOffset=[0]
2020-01-17 16:00:01.696  WARN 14172 --- [scheduling-1] c.g.htmlunit.IncorrectnessListenerImpl   : Obsolete content type encountered: 'application/x-javascript'.
2020-01-17 16:00:01.804 ERROR 14172 --- [scheduling-1] c.g.h.javascript.StrictErrorReporter     : runtimeError: message=[An invalid or illegal selector was specified (selector: '> li' error: Invalid selectors: > li).] sourceName=[http://static.ws.126.net/cnews/js/ntes_jslib_1.x.js] line=[14] lineSource=[null] lineOffset=[0]
2020-01-17 16:00:02.116 ERROR 14172 --- [scheduling-1] c.g.h.javascript.StrictErrorReporter     : runtimeError: message=[An invalid or illegal selector was specified (selector: '> div.bar_pages > a' error: Invalid selectors: > div.bar_pages > a).] sourceName=[http://static.ws.126.net/cnews/js/ntes_jslib_1.x.js] line=[14] lineSource=[null] lineOffset=[0]
2020-01-17 16:00:02.158  WARN 14172 --- [scheduling-1] c.g.htmlunit.IncorrectnessListenerImpl   : Obsolete content type encountered: 'application/x-javascript'.
2020-01-17 16:00:02.280  WARN 14172 --- [scheduling-1] c.g.htmlunit.IncorrectnessListenerImpl   : Expected content type of 'application/javascript' or 'application/ecmascript' for remotely loaded JavaScript element at 'http://analytics.163.com/ntes?_nacc=news&_nvid=321f62082cd0fc874868d1766f4cd8bd&_nvtm=0&_nvsf=1&_nvfi=1&_nlag=en-us&_nlmf=1579247903&_nres=1024x768&_nscd=24-bit&_nstm=0&_nurl=http%3A//news.163.com/latest/&_ntit=%u6700%u65B0%u6EDA%u52A8%u65B0%u95FB_%u7F51%u6613%u65B0%u95FB%u4E2D%u5FC3&_nref=&_nfla=&_nssn=&_nxkey=80022280.51076&_end1', but got 'text/plain'.
2020-01-17 16:00:35.123  INFO 14172 --- [scheduling-1] com.simple.blog.async.CrawlerArticle     : ~~~开始拉取网易新闻:~~~
2020-01-17 16:03:13.261  INFO 14172 --- [Thread-27] com.zaxxer.hikari.HikariDataSource       : HikariPool-1 - Shutdown initiated...
2020-01-17 16:03:13.273  INFO 14172 --- [Thread-27] com.zaxxer.hikari.HikariDataSource       : HikariPool-1 - Shutdown completed.
